Running main() from ./googletest/src/gtest_main.cc
[==========] Running 37 tests from 1 test suite.
[----------] Global test environment set-up.
[----------] 37 tests from RdkFwupdateMgrMainFlowTest
SetUpTestCase
[ RUN      ] RdkFwupdateMgrMainFlowTest.GetTriggerType_ReturnsDefault
SetUp
TearDown
[       OK ] RdkFwupdateMgrMainFlowTest.GetTriggerType_ReturnsDefault (0 ms)
[ RUN      ] RdkFwupdateMgrMainFlowTest.GetTriggerType_Consistency
SetUp
TearDown
[       OK ] RdkFwupdateMgrMainFlowTest.GetTriggerType_Consistency (0 ms)
[ RUN      ] RdkFwupdateMgrMainFlowTest.HandleSignal_SIGUSR1_SetsForceExit
SetUp
Raise SIGUSR1 signal
Download is going to stop and aborted
Inside Mock Function filePresentCheck

GMOCK WARNING:
Uninteresting mock function call - returning default value.
    Function call: filePresentCheck(0x61101d5d5a50 pointing to "/tmp/device_initiated_rcdl_in_progress")
          Returns: 0
NOTE: You can safely ignore the above warning unless this call should not happen.  Do not suppress it by blindly adding an EXPECT_CALL() if you don't mean to enforce the call.  See https://github.com/google/googletest/blob/master/docs/gmock_cook_book.md#knowing-when-to-expect for details.
TearDown
[       OK ] RdkFwupdateMgrMainFlowTest.HandleSignal_SIGUSR1_SetsForceExit (2 ms)
[ RUN      ] RdkFwupdateMgrMainFlowTest.HandleSignal_SIGUSR1_CallsSetForceStop
SetUp
Raise SIGUSR1 signal
Download is going to stop and aborted
Inside Mock Function filePresentCheck

GMOCK WARNING:
Uninteresting mock function call - returning default value.
    Function call: filePresentCheck(0x61101d5d5a50 pointing to "/tmp/device_initiated_rcdl_in_progress")
          Returns: 0
NOTE: You can safely ignore the above warning unless this call should not happen.  Do not suppress it by blindly adding an EXPECT_CALL() if you don't mean to enforce the call.  See https://github.com/google/googletest/blob/master/docs/gmock_cook_book.md#knowing-when-to-expect for details.
TearDown
[       OK ] RdkFwupdateMgrMainFlowTest.HandleSignal_SIGUSR1_CallsSetForceStop (0 ms)
[ RUN      ] RdkFwupdateMgrMainFlowTest.HandleSignal_SIGUSR1_WithMaintenanceMode
SetUp
Raise SIGUSR1 signal
Download is going to stop and aborted
Inside Mock Function filePresentCheck

GMOCK WARNING:
Uninteresting mock function call - returning default value.
    Function call: filePresentCheck(0x61101d5d5a50 pointing to "/tmp/device_initiated_rcdl_in_progress")
          Returns: 0
NOTE: You can safely ignore the above warning unless this call should not happen.  Do not suppress it by blindly adding an EXPECT_CALL() if you don't mean to enforce the call.  See https://github.com/google/googletest/blob/master/docs/gmock_cook_book.md#knowing-when-to-expect for details.
TearDown
[       OK ] RdkFwupdateMgrMainFlowTest.HandleSignal_SIGUSR1_WithMaintenanceMode (0 ms)
[ RUN      ] RdkFwupdateMgrMainFlowTest.HandleSignal_SIGUSR1_WithoutMaintenanceMode
SetUp
Raise SIGUSR1 signal
Download is going to stop and aborted
Inside Mock Function filePresentCheck

GMOCK WARNING:
Uninteresting mock function call - returning default value.
    Function call: filePresentCheck(0x61101d5d5a50 pointing to "/tmp/device_initiated_rcdl_in_progress")
          Returns: 0
NOTE: You can safely ignore the above warning unless this call should not happen.  Do not suppress it by blindly adding an EXPECT_CALL() if you don't mean to enforce the call.  See https://github.com/google/googletest/blob/master/docs/gmock_cook_book.md#knowing-when-to-expect for details.
TearDown
[       OK ] RdkFwupdateMgrMainFlowTest.HandleSignal_SIGUSR1_WithoutMaintenanceMode (0 ms)
[ RUN      ] RdkFwupdateMgrMainFlowTest.CopyFile_Success
SetUp
TearDown
[       OK ] RdkFwupdateMgrMainFlowTest.CopyFile_Success (0 ms)
[ RUN      ] RdkFwupdateMgrMainFlowTest.CopyFile_SourceNotExist
SetUp
Source File open failed /tmp/test_nonexistent_src.txt
TearDown
[       OK ] RdkFwupdateMgrMainFlowTest.CopyFile_SourceNotExist (0 ms)
[ RUN      ] RdkFwupdateMgrMainFlowTest.CopyFile_NullParameters
SetUp
Received Function parameter NULL
Received Function parameter NULL
Received Function parameter NULL
TearDown
[       OK ] RdkFwupdateMgrMainFlowTest.CopyFile_NullParameters (0 ms)
[ RUN      ] RdkFwupdateMgrMainFlowTest.PrevCurUpdateInfo_CDLFlashedExists_VersionMatches
SetUp
Inside Mock Function filePresentCheck

GMOCK WARNING:
Uninteresting mock function call - returning default value.
    Function call: filePresentCheck(0x61101d5d5898 pointing to "/opt/cdl_flashed_file_name")
          Returns: 0
NOTE: You can safely ignore the above warning unless this call should not happen.  Do not suppress it by blindly adding an EXPECT_CALL() if you don't mean to enforce the call.  See https://github.com/google/googletest/blob/master/docs/gmock_cook_book.md#knowing-when-to-expect for details.
Looks like previous upgrade failed but flashed image status is showing success
Inside Mock Function filePresentCheck

GMOCK WARNING:
Uninteresting mock function call - returning default value.
    Function call: filePresentCheck(0x61101d5d6118 pointing to "/opt/previous_flashed_file_name")
          Returns: 0
NOTE: You can safely ignore the above warning unless this call should not happen.  Do not suppress it by blindly adding an EXPECT_CALL() if you don't mean to enforce the call.  See https://github.com/google/googletest/blob/master/docs/gmock_cook_book.md#knowing-when-to-expect for details.
TearDown
[       OK ] RdkFwupdateMgrMainFlowTest.PrevCurUpdateInfo_CDLFlashedExists_VersionMatches (1 ms)
[ RUN      ] RdkFwupdateMgrMainFlowTest.PrevCurUpdateInfo_CDLFlashedExists_VersionMismatch_WithPrevious
SetUp
Inside Mock Function filePresentCheck

GMOCK WARNING:
Uninteresting mock function call - returning default value.
    Function call: filePresentCheck(0x61101d5d5898 pointing to "/opt/cdl_flashed_file_name")
          Returns: 0
NOTE: You can safely ignore the above warning unless this call should not happen.  Do not suppress it by blindly adding an EXPECT_CALL() if you don't mean to enforce the call.  See https://github.com/google/googletest/blob/master/docs/gmock_cook_book.md#knowing-when-to-expect for details.
Looks like previous upgrade failed but flashed image status is showing success
Inside Mock Function filePresentCheck

GMOCK WARNING:
Uninteresting mock function call - returning default value.
    Function call: filePresentCheck(0x61101d5d6118 pointing to "/opt/previous_flashed_file_name")
          Returns: 0
NOTE: You can safely ignore the above warning unless this call should not happen.  Do not suppress it by blindly adding an EXPECT_CALL() if you don't mean to enforce the call.  See https://github.com/google/googletest/blob/master/docs/gmock_cook_book.md#knowing-when-to-expect for details.
TearDown
[       OK ] RdkFwupdateMgrMainFlowTest.PrevCurUpdateInfo_CDLFlashedExists_VersionMismatch_WithPrevious (1 ms)
[ RUN      ] RdkFwupdateMgrMainFlowTest.PrevCurUpdateInfo_CDLFlashedExists_VersionMismatch_NoPrevious
SetUp
Inside Mock Function filePresentCheck

GMOCK WARNING:
Uninteresting mock function call - returning default value.
    Function call: filePresentCheck(0x61101d5d5898 pointing to "/opt/cdl_flashed_file_name")
          Returns: 0
NOTE: You can safely ignore the above warning unless this call should not happen.  Do not suppress it by blindly adding an EXPECT_CALL() if you don't mean to enforce the call.  See https://github.com/google/googletest/blob/master/docs/gmock_cook_book.md#knowing-when-to-expect for details.
Looks like previous upgrade failed but flashed image status is showing success
Inside Mock Function filePresentCheck

GMOCK WARNING:
Uninteresting mock function call - returning default value.
    Function call: filePresentCheck(0x61101d5d6118 pointing to "/opt/previous_flashed_file_name")
          Returns: 0
NOTE: You can safely ignore the above warning unless this call should not happen.  Do not suppress it by blindly adding an EXPECT_CALL() if you don't mean to enforce the call.  See https://github.com/google/googletest/blob/master/docs/gmock_cook_book.md#knowing-when-to-expect for details.
TearDown
[       OK ] RdkFwupdateMgrMainFlowTest.PrevCurUpdateInfo_CDLFlashedExists_VersionMismatch_NoPrevious (1 ms)
[ RUN      ] RdkFwupdateMgrMainFlowTest.PrevCurUpdateInfo_CDLFlashedNotExist_CreatesFromVersion
SetUp
Inside Mock Function filePresentCheck

GMOCK WARNING:
Uninteresting mock function call - returning default value.
    Function call: filePresentCheck(0x61101d5d5898 pointing to "/opt/cdl_flashed_file_name")
          Returns: 0
NOTE: You can safely ignore the above warning unless this call should not happen.  Do not suppress it by blindly adding an EXPECT_CALL() if you don't mean to enforce the call.  See https://github.com/google/googletest/blob/master/docs/gmock_cook_book.md#knowing-when-to-expect for details.
Looks like previous upgrade failed but flashed image status is showing success
Inside Mock Function filePresentCheck

GMOCK WARNING:
Uninteresting mock function call - returning default value.
    Function call: filePresentCheck(0x61101d5d6118 pointing to "/opt/previous_flashed_file_name")
          Returns: 0
NOTE: You can safely ignore the above warning unless this call should not happen.  Do not suppress it by blindly adding an EXPECT_CALL() if you don't mean to enforce the call.  See https://github.com/google/googletest/blob/master/docs/gmock_cook_book.md#knowing-when-to-expect for details.
TearDown
[       OK ] RdkFwupdateMgrMainFlowTest.PrevCurUpdateInfo_CDLFlashedNotExist_CreatesFromVersion (0 ms)
[ RUN      ] RdkFwupdateMgrMainFlowTest.PrevCurUpdateInfo_MultipleScenarios
SetUp
Inside Mock Function filePresentCheck

GMOCK WARNING:
Uninteresting mock function call - returning default value.
    Function call: filePresentCheck(0x61101d5d5898 pointing to "/opt/cdl_flashed_file_name")
          Returns: 0
NOTE: You can safely ignore the above warning unless this call should not happen.  Do not suppress it by blindly adding an EXPECT_CALL() if you don't mean to enforce the call.  See https://github.com/google/googletest/blob/master/docs/gmock_cook_book.md#knowing-when-to-expect for details.
Looks like previous upgrade failed but flashed image status is showing success
Inside Mock Function filePresentCheck

GMOCK WARNING:
Uninteresting mock function call - returning default value.
    Function call: filePresentCheck(0x61101d5d6118 pointing to "/opt/previous_flashed_file_name")
          Returns: 0
NOTE: You can safely ignore the above warning unless this call should not happen.  Do not suppress it by blindly adding an EXPECT_CALL() if you don't mean to enforce the call.  See https://github.com/google/googletest/blob/master/docs/gmock_cook_book.md#knowing-when-to-expect for details.
Inside Mock Function filePresentCheck

GMOCK WARNING:
Uninteresting mock function call - returning default value.
    Function call: filePresentCheck(0x61101d5d5898 pointing to "/opt/cdl_flashed_file_name")
          Returns: 0
NOTE: You can safely ignore the above warning unless this call should not happen.  Do not suppress it by blindly adding an EXPECT_CALL() if you don't mean to enforce the call.  See https://github.com/google/googletest/blob/master/docs/gmock_cook_book.md#knowing-when-to-expect for details.
Looks like previous upgrade failed but flashed image status is showing success
Inside Mock Function filePresentCheck

GMOCK WARNING:
Uninteresting mock function call - returning default value.
    Function call: filePresentCheck(0x61101d5d6118 pointing to "/opt/previous_flashed_file_name")
          Returns: 0
NOTE: You can safely ignore the above warning unless this call should not happen.  Do not suppress it by blindly adding an EXPECT_CALL() if you don't mean to enforce the call.  See https://github.com/google/googletest/blob/master/docs/gmock_cook_book.md#knowing-when-to-expect for details.
TearDown
[       OK ] RdkFwupdateMgrMainFlowTest.PrevCurUpdateInfo_MultipleScenarios (2 ms)
[ RUN      ] RdkFwupdateMgrMainFlowTest.InitialValidation_AutoExcluded_NonProdBuild
SetUp
TearDown
[       OK ] RdkFwupdateMgrMainFlowTest.InitialValidation_AutoExcluded_NonProdBuild (0 ms)
[ RUN      ] RdkFwupdateMgrMainFlowTest.InitialValidation_AutoExcluded_ProdBuild
SetUp
TearDown
[       OK ] RdkFwupdateMgrMainFlowTest.InitialValidation_AutoExcluded_ProdBuild (0 ms)
[ RUN      ] RdkFwupdateMgrMainFlowTest.InitialValidation_RFCReadFailure
SetUp
TearDown
[       OK ] RdkFwupdateMgrMainFlowTest.InitialValidation_RFCReadFailure (0 ms)
[ RUN      ] RdkFwupdateMgrMainFlowTest.InitialValidation_PrepareToRebootFileExists
SetUp
TearDown
[       OK ] RdkFwupdateMgrMainFlowTest.InitialValidation_PrepareToRebootFileExists (0 ms)
[ RUN      ] RdkFwupdateMgrMainFlowTest.InitialValidation_PIDFileCreation
SetUp
TearDown
[       OK ] RdkFwupdateMgrMainFlowTest.InitialValidation_PIDFileCreation (0 ms)
[ RUN      ] RdkFwupdateMgrMainFlowTest.Main_ArgumentParsing_TriggerTypes
SetUp
TearDown
[       OK ] RdkFwupdateMgrMainFlowTest.Main_ArgumentParsing_TriggerTypes (0 ms)
[ RUN      ] RdkFwupdateMgrMainFlowTest.Main_ArgumentParsing_InvalidTrigger
SetUp
TearDown
[       OK ] RdkFwupdateMgrMainFlowTest.Main_ArgumentParsing_InvalidTrigger (0 ms)
[ RUN      ] RdkFwupdateMgrMainFlowTest.Main_ArgumentCount_LessThan3
SetUp
TearDown
[       OK ] RdkFwupdateMgrMainFlowTest.Main_ArgumentCount_LessThan3 (0 ms)
[ RUN      ] RdkFwupdateMgrMainFlowTest.Main_StateTransitions_InitToInitValidation
SetUp
TearDown
[       OK ] RdkFwupdateMgrMainFlowTest.Main_StateTransitions_InitToInitValidation (0 ms)
[ RUN      ] RdkFwupdateMgrMainFlowTest.Main_StateTransitions_InitValidationToIdle
SetUp
TearDown
[       OK ] RdkFwupdateMgrMainFlowTest.Main_StateTransitions_InitValidationToIdle (0 ms)
[ RUN      ] RdkFwupdateMgrMainFlowTest.Main_StateTransitions_ValidationFail_NoTransition
SetUp
TearDown
[       OK ] RdkFwupdateMgrMainFlowTest.Main_StateTransitions_ValidationFail_NoTransition (0 ms)
[ RUN      ] RdkFwupdateMgrMainFlowTest.Main_TriggerTypeLogging_Bootup
SetUp
TearDown
[       OK ] RdkFwupdateMgrMainFlowTest.Main_TriggerTypeLogging_Bootup (0 ms)
[ RUN      ] RdkFwupdateMgrMainFlowTest.Main_TriggerTypeLogging_Scheduled
SetUp
TearDown
[       OK ] RdkFwupdateMgrMainFlowTest.Main_TriggerTypeLogging_Scheduled (0 ms)
[ RUN      ] RdkFwupdateMgrMainFlowTest.Main_TriggerTypeLogging_TR69
SetUp
TearDown
[       OK ] RdkFwupdateMgrMainFlowTest.Main_TriggerTypeLogging_TR69 (0 ms)
[ RUN      ] RdkFwupdateMgrMainFlowTest.Main_TriggerTypeLogging_App
SetUp
TearDown
[       OK ] RdkFwupdateMgrMainFlowTest.Main_TriggerTypeLogging_App (0 ms)
[ RUN      ] RdkFwupdateMgrMainFlowTest.Main_TriggerTypeLogging_Delayed
SetUp
TearDown
[       OK ] RdkFwupdateMgrMainFlowTest.Main_TriggerTypeLogging_Delayed (0 ms)
[ RUN      ] RdkFwupdateMgrMainFlowTest.Main_TriggerTypeLogging_StateRed
SetUp
TearDown
[       OK ] RdkFwupdateMgrMainFlowTest.Main_TriggerTypeLogging_StateRed (0 ms)
[ RUN      ] RdkFwupdateMgrMainFlowTest.Main_XCONFResponseInitialization
SetUp
TearDown
[       OK ] RdkFwupdateMgrMainFlowTest.Main_XCONFResponseInitialization (0 ms)
[ RUN      ] RdkFwupdateMgrMainFlowTest.Main_DisableStatsUpdate_DefaultValue
SetUp
TearDown
[       OK ] RdkFwupdateMgrMainFlowTest.Main_DisableStatsUpdate_DefaultValue (0 ms)
[ RUN      ] RdkFwupdateMgrMainFlowTest.UpdateUpgradeFlag_MediaClientDevice_Create
SetUp
TearDown
[       OK ] RdkFwupdateMgrMainFlowTest.UpdateUpgradeFlag_MediaClientDevice_Create (0 ms)
[ RUN      ] RdkFwupdateMgrMainFlowTest.UpdateUpgradeFlag_MediaClientDevice_Delete
SetUp
Inside Mock Function filePresentCheck

GMOCK WARNING:
Uninteresting mock function call - returning default value.
    Function call: filePresentCheck(0x61101d5d55af pointing to "/tmp/.imageDnldInProgress")
          Returns: 0
NOTE: You can safely ignore the above warning unless this call should not happen.  Do not suppress it by blindly adding an EXPECT_CALL() if you don't mean to enforce the call.  See https://github.com/google/googletest/blob/master/docs/gmock_cook_book.md#knowing-when-to-expect for details.
TearDown
[       OK ] RdkFwupdateMgrMainFlowTest.UpdateUpgradeFlag_MediaClientDevice_Delete (0 ms)
[ RUN      ] RdkFwupdateMgrMainFlowTest.UpdateUpgradeFlag_HybridDevice_HTTP
SetUp
TearDown
[       OK ] RdkFwupdateMgrMainFlowTest.UpdateUpgradeFlag_HybridDevice_HTTP (0 ms)
[ RUN      ] RdkFwupdateMgrMainFlowTest.UpdateUpgradeFlag_InvalidAction
SetUp
TearDown
[       OK ] RdkFwupdateMgrMainFlowTest.UpdateUpgradeFlag_InvalidAction (0 ms)
TearDownTestCase
[----------] 37 tests from RdkFwupdateMgrMainFlowTest (34 ms total)

[----------] Global test environment tear-down
[==========] 37 tests from 1 test suite ran. (36 ms total)
[  PASSED  ] 37 tests.
