Starting deviceutils and device api App ===================>
[==========] Running 53 tests from 5 test suites.
[----------] Global test environment set-up.
[----------] 4 tests from TestGetServerUrlFile
[ RUN      ] TestGetServerUrlFile.TestName_NULLCheck
GetServerUrlFile: Error, input argument NULL
[       OK ] TestGetServerUrlFile.TestName_NULLCheck (0 ms)
[ RUN      ] TestGetServerUrlFile.TestName_goodurl
GTEST serverurl=https://mockserver.com
[       OK ] TestGetServerUrlFile.TestName_goodurl (9 ms)
[ RUN      ] TestGetServerUrlFile.TestName_goodurl1
GTEST serverurl=https://mock-ser_ver.com
[       OK ] TestGetServerUrlFile.TestName_goodurl1 (4 ms)
[ RUN      ] TestGetServerUrlFile.TestName_filenotpresent
GetServerUrl: /tmp/swupdate1.conf can't be opened
[       OK ] TestGetServerUrlFile.TestName_filenotpresent (0 ms)
[----------] 4 tests from TestGetServerUrlFile (19 ms total)

[----------] 39 tests from DeviceApiTestFixture
SetUpTestCase
[ RUN      ] DeviceApiTestFixture.TestName_getadditionfw_nullcheck
SetUp
GetAdditionalFwVerInfo: Error, input argument NULL
TearDown
[       OK ] DeviceApiTestFixture.TestName_getadditionfw_nullcheck (0 ms)
[ RUN      ] DeviceApiTestFixture.TestName_Success
SetUp
Inside Mock Function v_secure_popen
RunCommand: Failed to open pipe command execution
GetPDRIFileName: PDRI filename retrieving Failed ...
GetJson: Unable to open /tmp/rc-proxy-params.json for reading
GetRemoteInfo: returning sztotlen=0
TearDown
[       OK ] DeviceApiTestFixture.TestName_Success (1 ms)
[ RUN      ] DeviceApiTestFixture.TestName_bundle_Nullcheck
SetUp
TearDown
[       OK ] DeviceApiTestFixture.TestName_bundle_Nullcheck (0 ms)
[ RUN      ] DeviceApiTestFixture.TestName_bundle_Success
SetUp
GetInstalledBundles: found ca-store-update-bundle_package.json
/tmp/rfc/certs does not exist
Certificate does not exist in RFS Path
No metadata found only in /tmp/certs
GetInstalledBundles: calling GetJson with arg = /tmp/certs/ca-store-update-bundle_package.json
GetInstalledBundles: pJsonStr = {
  "name": "ca-store-update-bundle",
  "description": "ca cert updates",
  "version": "0.3",
  "contents": ["ca-store-update-bundle.tar"],
  "size": "80K",
  "installScript": "etc/rdm/post-services/post_cadl.sh"
}

GetInstalledBundles: ParseJsonStr returned ={
  "name": "ca-store-update-bundle",
  "description": "ca cert updates",
  "version": "0.3",
  "contents": ["ca-store-update-bundle.tar"],
  "size": "80K",
  "installScript": "etc/rdm/post-services/post_cadl.sh"
}

Updated Bundles = ca-store-update-bundle:0.3
GetInstalledBundles: pBundles = ca-store-update-bundle:0.3
GetInstalledBundles: szRunningLen = 26
BUNDLE = ca-store-update-bundle:0.3
TearDown
[       OK ] DeviceApiTestFixture.TestName_bundle_Success (19 ms)
[ RUN      ] DeviceApiTestFixture.TestName_bundle_rfcpath
SetUp
/tmp/certs does not exist
Certificate does not exist in NVM Path
GetInstalledBundles: found ca-store-update-bundle_package.json
No metadata found only in /tmp/rfc/certs
GetInstalledBundles: calling GetJson with arg = /tmp/rfc/certs/ca-store-update-bundle_package.json
GetInstalledBundles: pJsonStr = {
  "name": "ca-store-update-bundle",
  "description": "ca cert updates",
  "version": "0.3",
  "contents": ["ca-store-update-bundle.tar"],
  "size": "80K",
  "installScript": "etc/rdm/post-services/post_cadl.sh"
}

GetInstalledBundles: ParseJsonStr returned ={
  "name": "ca-store-update-bundle",
  "description": "ca cert updates",
  "version": "0.3",
  "contents": ["ca-store-update-bundle.tar"],
  "size": "80K",
  "installScript": "etc/rdm/post-services/post_cadl.sh"
}

Updated Bundles = ca-store-update-bundle:0.3
GetInstalledBundles: pBundles = ca-store-update-bundle:0.3
GetInstalledBundles: szRunningLen = 26
BUNDLE = ca-store-update-bundle:0.3
TearDown
[       OK ] DeviceApiTestFixture.TestName_bundle_rfcpath (14 ms)
[ RUN      ] DeviceApiTestFixture.TestName_bundle_Fail
SetUp
/tmp/certs does not exist
Certificate does not exist in NVM Path
/tmp/rfc/certs does not exist
Certificate does not exist in RFS Path
No metadata found only in CPEGetInstalledBundles: pBundles = 
GetInstalledBundles: szRunningLen = 0
TearDown
[       OK ] DeviceApiTestFixture.TestName_bundle_Fail (0 ms)
[ RUN      ] DeviceApiTestFixture.TestName_GetPartnerId_Nullcheck
SetUp
GetPartnerId calling from librdksw_fwutils.so
GetPartnerId: Error, input argument NULL
TearDown
[       OK ] DeviceApiTestFixture.TestName_GetPartnerId_Nullcheck (0 ms)
[ RUN      ] DeviceApiTestFixture.TestName_GetPartnerId_Success
SetUp
GetPartnerId calling from librdksw_fwutils.so
Inside Mock Function getDevicePropertyData
whoami is = true
partner ID = comcast
TearDown
[       OK ] DeviceApiTestFixture.TestName_GetPartnerId_Success (2 ms)
[ RUN      ] DeviceApiTestFixture.TestName_GetPartnerId_notfound
SetUp
GetPartnerId calling from librdksw_fwutils.so
Inside Mock Function getDevicePropertyData
whoami is = false
partner ID = 
TearDown
[       OK ] DeviceApiTestFixture.TestName_GetPartnerId_notfound (4 ms)
[ RUN      ] DeviceApiTestFixture.TestName_GetPartnerId_SuccessThird
SetUp
GetPartnerId calling from librdksw_fwutils.so
Inside Mock Function getDevicePropertyData
whoami is = false
partner ID = xglobal
TearDown
[       OK ] DeviceApiTestFixture.TestName_GetPartnerId_SuccessThird (4 ms)
[ RUN      ] DeviceApiTestFixture.TestName_GetPartnerId_SuccessFourth
SetUp
GetPartnerId calling from librdksw_fwutils.so
Inside Mock Function getDevicePropertyData
whoami is = false
partner ID = comcast-xglobal
TearDown
[       OK ] DeviceApiTestFixture.TestName_GetPartnerId_SuccessFourth (3 ms)
[ RUN      ] DeviceApiTestFixture.TestName_GetPartnerId_defaultvalue
SetUp
GetPartnerId calling from librdksw_fwutils.so
Inside Mock Function getDevicePropertyData
whoami is = false
TearDown
[       OK ] DeviceApiTestFixture.TestName_GetPartnerId_defaultvalue (0 ms)
[ RUN      ] DeviceApiTestFixture.TestName_GetOsClass_Nullcheck
SetUp
GetOsClass: Error, input argument NULL
TearDown
[       OK ] DeviceApiTestFixture.TestName_GetOsClass_Nullcheck (0 ms)
[ RUN      ] DeviceApiTestFixture.TestName_GetOsClass_Fail
SetUp
Inside Mock Function getDevicePropertyData
whoami is = false
GetOsClass: whoami is not enable Status
GetOsClass = Not Available
TearDown
[       OK ] DeviceApiTestFixture.TestName_GetOsClass_Fail (0 ms)
[ RUN      ] DeviceApiTestFixture.TestName_GetOsClass_Success
SetUp
Inside Mock Function getDevicePropertyData
whoami is = true
Inside Mock Function read_RFCProperty
GetOsClass = true
TearDown
[       OK ] DeviceApiTestFixture.TestName_GetOsClass_Success (0 ms)
[ RUN      ] DeviceApiTestFixture.TestName_GetSerialNum_Nullcheck
SetUp
GetSerialNum: Error, input argument NULL
TearDown
[       OK ] DeviceApiTestFixture.TestName_GetSerialNum_Nullcheck (0 ms)
[ RUN      ] DeviceApiTestFixture.TestName_GetSerialNum_Success
SetUp
Inside Mock Function read_RFCProperty
GetSerialNumber = 123456789012345
TearDown
[       OK ] DeviceApiTestFixture.TestName_GetSerialNum_Success (0 ms)
[ RUN      ] DeviceApiTestFixture.TestName_GetAccountID_Nullcheck
SetUp
GetAccountID: Error, input argument NULL
TearDown
[       OK ] DeviceApiTestFixture.TestName_GetAccountID_Nullcheck (0 ms)
[ RUN      ] DeviceApiTestFixture.TestName_GetAccountID_Success
SetUp
Inside Mock Function read_RFCProperty
GetAccountID = 123456789
TearDown
[       OK ] DeviceApiTestFixture.TestName_GetAccountID_Success (0 ms)
[ RUN      ] DeviceApiTestFixture.TestName_GetAccountID_Fail
SetUp
Inside Mock Function read_RFCProperty
GetAccountID: read_RFCProperty() failed Status 7
GetAccountID = Unknown
TearDown
[       OK ] DeviceApiTestFixture.TestName_GetAccountID_Fail (0 ms)
[ RUN      ] DeviceApiTestFixture.TestName_GetEstbMac_Nullcheck
SetUp
GetEstbMac calling from librdksw_fwutils.so
GetEstbMac: Error, input argument NULL
TearDown
[       OK ] DeviceApiTestFixture.TestName_GetEstbMac_Nullcheck (0 ms)
[ RUN      ] DeviceApiTestFixture.TestName_GetEstbMac_Success
SetUp
GetEstbMac calling from librdksw_fwutils.so
GetEstbMac: After reading ESTB_MAC_FILE value=aa:bb:cc:dd:ff:gg
TearDown
[       OK ] DeviceApiTestFixture.TestName_GetEstbMac_Success (3 ms)
[ RUN      ] DeviceApiTestFixture.TestName_GetEstbMac_Fail
SetUp
GetEstbMac calling from librdksw_fwutils.so
GetEstbMac: read_from_hwinterface is set to true
GetEstbMac: Reading from hw interface
Inside Mock Function getDevicePropertyData
GetEstbMac: Interface is not part of /etc/device.properties missing
TearDown
[       OK ] DeviceApiTestFixture.TestName_GetEstbMac_Fail (0 ms)
[ RUN      ] DeviceApiTestFixture.TestName_GetServURL_Nullcheck
SetUp

GMOCK WARNING:
Uninteresting mock function call - returning default value.
    Function call: isDebugServicesEnabled()
          Returns: false
NOTE: You can safely ignore the above warning unless this call should not happen.  Do not suppress it by blindly adding an EXPECT_CALL() if you don't mean to enforce the call.  See https://github.com/google/googletest/blob/master/docs/gmock_cook_book.md#knowing-when-to-expect for details.
GetServURL: Error, input argument NULL
TearDown
[       OK ] DeviceApiTestFixture.TestName_GetServURL_Nullcheck (0 ms)
[ RUN      ] DeviceApiTestFixture.TestName_GetServURL_SuccessStatered_DebugServices_Enabled
SetUp
Inside Mock Function isInStateRed
output ====================================== https://www.statered.com 
servUrl ===================================== https://www.statered.com 
Server URL = https://www.statered.com
TearDown
[       OK ] DeviceApiTestFixture.TestName_GetServURL_SuccessStatered_DebugServices_Enabled (5 ms)
[ RUN      ] DeviceApiTestFixture.TestName_GetServURL_SuccessStatered_DebugServices_Disabled
SetUp
Inside Mock Function isInStateRed
output ====================================== https://www.statered.com 
servUrl ===================================== https://www.statered.com 
Server URL = https://www.statered.com
TearDown
[       OK ] DeviceApiTestFixture.TestName_GetServURL_SuccessStatered_DebugServices_Disabled (6 ms)
[ RUN      ] DeviceApiTestFixture.TestName_GetServURL_SuccessStatered_Prod_DebugServices_Enabled
SetUp
Inside Mock Function isInStateRed
output ====================================== https://www.statered.com
 servUrl ===================================== https://www.statered.com 
Server URL = https://www.statered.com
TearDown
[       OK ] DeviceApiTestFixture.TestName_GetServURL_SuccessStatered_Prod_DebugServices_Enabled (6 ms)
[ RUN      ] DeviceApiTestFixture.TestName_GetServURL_SuccessStatered_Prod_DebugServices_Disabled
SetUp
Inside Mock Function isInStateRed
Inside Mock Function read_RFCProperty
GetTR181Url: pUrlOut = https://www.tr181Rfc.com
Output ========================= https://www.tr181Rfc.com
 servUrl ======================== https://www.tr181Rfc.com 
 Server URL = https://www.tr181Rfc.com
TearDown
[       OK ] DeviceApiTestFixture.TestName_GetServURL_SuccessStatered_Prod_DebugServices_Disabled (7 ms)
[ RUN      ] DeviceApiTestFixture.TestName_GetServURL_SuccessSwupdate_DebugServices_Enabled
SetUp
Inside Mock Function isInStateRed
Inside Mock Function filePresentCheck
Output ========================= https://www.rdkautotool.com
 servUrl ======================== https://www.rdkautotool.com 
 Server URL = https://www.rdkautotool.com
TearDown
[       OK ] DeviceApiTestFixture.TestName_GetServURL_SuccessSwupdate_DebugServices_Enabled (5 ms)
[ RUN      ] DeviceApiTestFixture.TestName_GetServURL_SuccessSwupdate_DebugServices_Disabled
SetUp
Inside Mock Function isInStateRed
Inside Mock Function filePresentCheck
Output ========================= https://www.rdkautotool.com
 servUrl ======================== https://www.rdkautotool.com 
 Server URL = https://www.rdkautotool.com
TearDown
[       OK ] DeviceApiTestFixture.TestName_GetServURL_SuccessSwupdate_DebugServices_Disabled (5 ms)
[ RUN      ] DeviceApiTestFixture.TestName_GetServURL_SuccessSwupdate_Prod_DebugServices_Enabled
SetUp
Inside Mock Function isInStateRed
Inside Mock Function filePresentCheck
Output ========================= https://www.rdkautotool.com
 servUrl ======================== https://www.rdkautotool.com 
 Server URL = https://www.rdkautotool.com
TearDown
[       OK ] DeviceApiTestFixture.TestName_GetServURL_SuccessSwupdate_Prod_DebugServices_Enabled (5 ms)
[ RUN      ] DeviceApiTestFixture.TestName_GetServURL_SuccessSwupdate_Prod_DebugServices_Disabled
SetUp
Inside Mock Function isInStateRed
Inside Mock Function read_RFCProperty
GetTR181Url: pUrlOut = https://www.tr181Rfc.com
Output ========================= https://www.tr181Rfc.com/xconf/swu/stb
 servUrl ======================== https://www.tr181Rfc.com 
 Server URL = https://www.tr181Rfc.com/xconf/swu/stb
TearDown
[       OK ] DeviceApiTestFixture.TestName_GetServURL_SuccessSwupdate_Prod_DebugServices_Disabled (5 ms)
[ RUN      ] DeviceApiTestFixture.TestName_GetExperience_Nullcheck
SetUp
GetExperience: Error, input argument NULL
TearDown
[       OK ] DeviceApiTestFixture.TestName_GetExperience_Nullcheck (0 ms)
[ RUN      ] DeviceApiTestFixture.TestName_GetRemoteInfo_Nullcheck
SetUp
GetRemoteInfo: Error, input argument NULL
GetRemoteInfo: returning sztotlen=0
TearDown
[       OK ] DeviceApiTestFixture.TestName_GetRemoteInfo_Nullcheck (0 ms)
[ RUN      ] DeviceApiTestFixture.TestName_GetRemoteInfo_Success
SetUp
BuildRemoteInfo: Start
BuildRemoteInfo: End
BuildRemoteInfo: Start
BuildRemoteInfo: End
BuildRemoteInfo: Start
BuildRemoteInfo: End
BuildRemoteInfo: Start
BuildRemoteInfo: End
BuildRemoteInfo: Start
BuildRemoteInfo: End
BuildRemoteInfo: Start
BuildRemoteInfo: End
BuildRemoteInfo: Start
BuildRemoteInfo: End
GetRemoteInfo: returning sztotlen=175
RemoteInfo = &remCtrlLC103-10=5103.4.2&remCtrlLC103-11=5103.4.1&remCtrlLC103-12=5103.4.0&remCtrlLC103-13=5103.4.0&remCtrlLC103-14=5103.4.7&remCtrlLC103-15=5103.4.8&remCtrlLC103-16=5103.4.9
TearDown
[       OK ] DeviceApiTestFixture.TestName_GetRemoteInfo_Success (10 ms)
[ RUN      ] DeviceApiTestFixture.TestName_GetRemoteInfo_Fail
SetUp
GetJson: Unable to open /tmp/rc-proxy-params.json for reading
GetRemoteInfo: returning sztotlen=0
TearDown
[       OK ] DeviceApiTestFixture.TestName_GetRemoteInfo_Fail (0 ms)
[ RUN      ] DeviceApiTestFixture.TestName_GetRemoteVers_Nullcheck
SetUp
GetRemoteVers: Error, input argument NULL
TearDown
[       OK ] DeviceApiTestFixture.TestName_GetRemoteVers_Nullcheck (0 ms)
[ RUN      ] DeviceApiTestFixture.TestName_GetRemoteVers_Success
SetUp
BuildRemoteInfo: Start
BuildRemoteInfo: End
BuildRemoteInfo: Start
BuildRemoteInfo: End
BuildRemoteInfo: Start
BuildRemoteInfo: End
BuildRemoteInfo: Start
BuildRemoteInfo: End
BuildRemoteInfo: Start
BuildRemoteInfo: End
BuildRemoteInfo: Start
BuildRemoteInfo: End
BuildRemoteInfo: Start
BuildRemoteInfo: End
RemoteVersion = LC103-10_firmware_5103.4.2.tgz,LC103-11_firmware_5103.4.1.tgz,LC103-12_firmware_5103.4.0.tgz,LC103-13_firmware_5103.4.0.tgz,LC103-14_firmware_5103.4.7.tgz,LC103-15_firmware_5103.4.8.tgz,LC103-16_firmware_5103.4.9.tgz,
TearDown
[       OK ] DeviceApiTestFixture.TestName_GetRemoteVers_Success (12 ms)
[ RUN      ] DeviceApiTestFixture.TestName_GetRemoteVers_Fail
SetUp
GetJson: Unable to open /tmp/rc-proxy-params.json for reading
TearDown
[       OK ] DeviceApiTestFixture.TestName_GetRemoteVers_Fail (0 ms)
TearDownTestCase
[----------] 39 tests from DeviceApiTestFixture (153 ms total)

[----------] 1 test from TestGetPDRIFileName
[ RUN      ] TestGetPDRIFileName.Test_pdri_Nullcheck
GetPDRIFileName: Error, input argument NULL
[       OK ] TestGetPDRIFileName.Test_pdri_Nullcheck (0 ms)
[----------] 1 test from TestGetPDRIFileName (0 ms total)

[----------] 1 test from TestGetRdmManifestVersion
[ RUN      ] TestGetRdmManifestVersion.TestName_GetRdmManifestVersion_Nullcheck
GetRdmManifestVersion: Error, input argument NULL
[       OK ] TestGetRdmManifestVersion.TestName_GetRdmManifestVersion_Nullcheck (0 ms)
[----------] 1 test from TestGetRdmManifestVersion (0 ms total)

[----------] 8 tests from DeviceUtilsTestFixture
SetUpTestCase
[ RUN      ] DeviceUtilsTestFixture.TestName_getJRPCTokenData_BugOverflow
SetUp
getJRPCTokenData: status:true
token = abcdefghijklmnopqrstuvwxyz12345
TearDown
[       OK ] DeviceUtilsTestFixture.TestName_getJRPCTokenData_BugOverflow (0 ms)
[ RUN      ] DeviceUtilsTestFixture.TestName_getJRPCTokenData_bufund
SetUp
getJRPCTokenData: status:true
token = eybhg-Osn3s
TearDown
[       OK ] DeviceUtilsTestFixture.TestName_getJRPCTokenData_bufund (0 ms)
[ RUN      ] DeviceUtilsTestFixture.TestName_getJRPCTokenData_Null
SetUp
getJRPCTokenData: Parameter is NULL
TearDown
[       OK ] DeviceUtilsTestFixture.TestName_getJRPCTokenData_Null (0 ms)
[ RUN      ] DeviceUtilsTestFixture.TestName_getJsonRpc_Success
SetUp
Inside Mock Function v_secure_popen
RunCommand: Failed to open pipe command execution
Inside Mock Function doCurlInit
Inside Mock Function getJsonRpcData
Inside Mock Function doStopDownload
TearDown
[       OK ] DeviceUtilsTestFixture.TestName_getJsonRpc_Success (3 ms)
[ RUN      ] DeviceUtilsTestFixture.TestName_getJsonRpc_Fail
SetUp
Inside Mock Function v_secure_popen
RunCommand: Failed to open pipe command execution
Inside Mock Function doCurlInit
Inside Mock Function getJsonRpcData
Inside Mock Function doStopDownload
TearDown
[       OK ] DeviceUtilsTestFixture.TestName_getJsonRpc_Fail (3 ms)
[ RUN      ] DeviceUtilsTestFixture.TestName_getInstalledBundleFileList_Fail
SetUp
/tmp/certs does not exist
Certificate does not exist in NVM Path
/tmp/rfc/certs does not exist
Certificate does not exist in RFS Path
No metadata found only in CPETearDown
[       OK ] DeviceUtilsTestFixture.TestName_getInstalledBundleFileList_Fail (0 ms)
[ RUN      ] DeviceUtilsTestFixture.TestName_getMetaDataFile_Null
SetUp
./test does not exist
TearDown
[       OK ] DeviceUtilsTestFixture.TestName_getMetaDataFile_Null (0 ms)
[ RUN      ] DeviceUtilsTestFixture.TestName_mergeLists_Null
SetUp
TearDown
[       OK ] DeviceUtilsTestFixture.TestName_mergeLists_Null (0 ms)
TearDownTestCase
[----------] 8 tests from DeviceUtilsTestFixture (12 ms total)

[----------] Global test environment tear-down
[==========] 53 tests from 5 test suites ran. (190 ms total)
[  PASSED  ] 53 tests.
