Starting rdkfw_interface_gtest MAIN ===========================>
[==========] Running 28 tests from 1 test suite.
[----------] Global test environment set-up.
[----------] 28 tests from InterfaceTestFixture
SetUpTestCase
[ RUN      ] InterfaceTestFixture.TestName_read_RFCPropertyNull
SetUp
read_RFCProperty() one or more input values are invalid
TearDown
[       OK ] InterfaceTestFixture.TestName_read_RFCPropertyNull (1 ms)
[ RUN      ] InterfaceTestFixture.TestName_read_RFCPropertySuccess
SetUp
Inside Mock Function getRFCParameter
read_RFCProperty() name=rfc,type=1,value=true,status=1
TearDown
[       OK ] InterfaceTestFixture.TestName_read_RFCPropertySuccess (2 ms)
[ RUN      ] InterfaceTestFixture.TestName_read_RFCPropertyFail
SetUp
Inside Mock Function getRFCParameter
error:read_RFCProperty(): status= 0
TearDown
[       OK ] InterfaceTestFixture.TestName_read_RFCPropertyFail (0 ms)
[ RUN      ] InterfaceTestFixture.TestName_write_RFCPropertyNull
SetUp
write_RFCProperty: Parameter is NULL
TearDown
[       OK ] InterfaceTestFixture.TestName_write_RFCPropertyNull (0 ms)
[ RUN      ] InterfaceTestFixture.TestName_write_RFCPropertySuccess
SetUp
Inside Mock Function setRFCParameter
write_RFCProperty: setRFCParameter Success
TearDown
[       OK ] InterfaceTestFixture.TestName_write_RFCPropertySuccess (0 ms)
[ RUN      ] InterfaceTestFixture.TestName_getRFCSettingsSuccess
SetUp
Inside Mock Function getRFCParameter
read_RFCProperty() name=rfc,type=1,value=true,status=1
getRFCSettings() rfc throttle= true
Inside Mock Function getRFCParameter
read_RFCProperty() name=rfc,type=1,value=true,status=1
getRFCSettings() rfc topspeed= true
Inside Mock Function getRFCParameter
read_RFCProperty() name=rfc,type=1,value=true,status=1
getRFCSettings() rfc IncrementalCDL= true
 getRFCSettings() MTLS Default EnabledTearDown
[       OK ] InterfaceTestFixture.TestName_getRFCSettingsSuccess (0 ms)
[ RUN      ] InterfaceTestFixture.TestName_getRFCSettingsFail
SetUp
Inside Mock Function getRFCParameter
error:read_RFCProperty(): status= -1
getRFCSettings() failed Status -1
Inside Mock Function getRFCParameter
error:read_RFCProperty(): status= -1
getRFCSettings() failed Status -1
Inside Mock Function getRFCParameter
error:read_RFCProperty(): status= -1
getRFCSettings() failed Status -1 and 
 getRFCSettings() MTLS Default EnabledTearDown
[       OK ] InterfaceTestFixture.TestName_getRFCSettingsFail (0 ms)
[ RUN      ] InterfaceTestFixture.TestName_write_RFCPropertySuccess2
SetUp
Inside Mock Function setRFCParameter
write_RFCProperty: setRFCParameter Success
TearDown
[       OK ] InterfaceTestFixture.TestName_write_RFCPropertySuccess2 (0 ms)
[ RUN      ] InterfaceTestFixture.TestName_write_RFCPropertySuccess3
SetUp
Inside Mock Function setRFCParameter
write_RFCProperty: setRFCParameter Success
TearDown
[       OK ] InterfaceTestFixture.TestName_write_RFCPropertySuccess3 (0 ms)
[ RUN      ] InterfaceTestFixture.TestName_write_RFCPropertyFail
SetUp
Inside Mock Function setRFCParameter
Inside Mock Function getRFCErrorString
write_RFCProperty: setRFCParameter failed. key=fwdlrfc and status=(null)
TearDown
[       OK ] InterfaceTestFixture.TestName_write_RFCPropertyFail (0 ms)
[ RUN      ] InterfaceTestFixture.TestName_isMtlsEnabledSuccess
SetUp
MTLS prefered
TearDown
[       OK ] InterfaceTestFixture.TestName_isMtlsEnabledSuccess (0 ms)
[ RUN      ] InterfaceTestFixture.TestName_isMtlsEnabledFail
SetUp
MTLS prefered
TearDown
[       OK ] InterfaceTestFixture.TestName_isMtlsEnabledFail (0 ms)
[ RUN      ] InterfaceTestFixture.TestName_isMmgbleNotifyEnabledFail
SetUp
Inside Mock Function getRFCParameter
error:read_RFCProperty(): status= -1
isMmgbleNotifyEnabled: ManageNotify rfc=Device.DeviceInfo.X_RDKCENTRAL-COM_RFC.Feature.ManageableNotification.Enable failed Status -1
TearDown
[       OK ] InterfaceTestFixture.TestName_isMmgbleNotifyEnabledFail (0 ms)
[ RUN      ] InterfaceTestFixture.TestName_isMmgbleNotifyEnabledSuccess
SetUp
Inside Mock Function getRFCParameter
read_RFCProperty() name=rfc,type=1,value=true,status=1
isMmgbleNotifyEnabled: rfc ManageNotify= true
TearDown
[       OK ] InterfaceTestFixture.TestName_isMmgbleNotifyEnabledSuccess (0 ms)
[ RUN      ] InterfaceTestFixture.TestName_isDebugServicesEnabledFail
SetUp
Inside Mock Function getRFCParameter
error:read_RFCProperty(): status= -1
isDebugServicesEnabled: rfc Debug services =Device.DeviceInfo.X_RDKCENTRAL-COM_RFC.Identity.DbgServices.Enable failed Status -1
TearDown
[       OK ] InterfaceTestFixture.TestName_isDebugServicesEnabledFail (0 ms)
[ RUN      ] InterfaceTestFixture.TestName_isDebugServicesEnableSuccess
SetUp
Inside Mock Function getRFCParameter
read_RFCProperty() name=rfc,type=1,value=true,status=1
isDebugServicesEnabled: rfc Debug services = true
TearDown
[       OK ] InterfaceTestFixture.TestName_isDebugServicesEnableSuccess (0 ms)
[ RUN      ] InterfaceTestFixture.TestName_isIncremetalCDLEnableSuccess
SetUp
isIncremetalCDLEnable: Checking IncremetalCDLEnable... Download image name=/tmp/123.bin
Inside Mock Function getRFCParameter
read_RFCProperty() name=rfc,type=1,value=true,status=1
isIncremetalCDLEnable: rfc IncrementalCDL= true
isIncremetalCDLEnable :  incremental cdl is TRUE
Inside Mock Function filePresentCheck
isIncremetalCDLEnable: File=/tmp/123.bin is present. IncrementalCDL enable=1
TearDown
[       OK ] InterfaceTestFixture.TestName_isIncremetalCDLEnableSuccess (0 ms)
[ RUN      ] InterfaceTestFixture.TestName_isIncremetalCDLEnableFailrfc
SetUp
isIncremetalCDLEnable: Checking IncremetalCDLEnable... Download image name=/tmp/123.bin
Inside Mock Function getRFCParameter
error:read_RFCProperty(): status= -1
isIncremetalCDLEnable: IncrementalCDL rfc=Device.DeviceInfo.X_RDKCENTRAL-COM_RFC.Feature.MTLS.mTlsXConfDownload.Enable failed Status -1
TearDown
[       OK ] InterfaceTestFixture.TestName_isIncremetalCDLEnableFailrfc (0 ms)
[ RUN      ] InterfaceTestFixture.TestName_init_event_handlerSuccess
SetUp
Inside Mock Function IARM_Bus_IsConnected
IARM_Bus_IsConnected: 0 (0)Inside Mock Function IARM_Bus_Init
IARM_Bus_Init: 0
SUCCESS: IARM_Bus_Init done!
Inside Mock Function IARM_Bus_Connect
IARM_Bus_Connect: 0
Inside Mock Function IARM_Bus_IsConnected
IARM_Bus_IsConnected: 0 (0)Inside Mock Function IARM_Bus_RegisterEventHandler
init_event_handler: IARM_Bus_RegisterEventHandler ret=0
TearDown
[       OK ] InterfaceTestFixture.TestName_init_event_handlerSuccess (0 ms)
[ RUN      ] InterfaceTestFixture.TestName_init_event_handlerConnected
SetUp
Inside Mock Function IARM_Bus_IsConnected
IARM_Bus_IsConnected: 0 (1)IARM already connected
TearDown
[       OK ] InterfaceTestFixture.TestName_init_event_handlerConnected (0 ms)
[ RUN      ] InterfaceTestFixture.TestName_term_event_handlerSuccess
SetUp
Inside Mock Function IARM_Bus_UnRegisterEventHandler
Successfully terminated all event handlers:0
Inside Mock Function IARM_Bus_Disconnect
Inside Mock Function IARM_Bus_Term
TearDown
[       OK ] InterfaceTestFixture.TestName_term_event_handlerSuccess (0 ms)
[ RUN      ] InterfaceTestFixture.TestName_DwnlStopEventHandlerSuccess
SetUp
DwnlStopEventHandler: In event Data recv
DwnlStopEventHandler: Data recv:1
Inside Mock Function getAppMode
Inside Mock Function interuptDwnl
TearDown
[       OK ] InterfaceTestFixture.TestName_DwnlStopEventHandlerSuccess (0 ms)
[ RUN      ] InterfaceTestFixture.TestName_DwnlStopEventHandlerSuccess1
SetUp
DwnlStopEventHandler: In event Data recv
DwnlStopEventHandler: Data recv:1
Inside Mock Function getAppMode
Current app mode 1 and recieved app mode 1 is same
TearDown
[       OK ] InterfaceTestFixture.TestName_DwnlStopEventHandlerSuccess1 (0 ms)
[ RUN      ] InterfaceTestFixture.TestName_DwnlStopEventHandlerNull
SetUp
DwnlStopEventHandler: Data is NULL
TearDown
[       OK ] InterfaceTestFixture.TestName_DwnlStopEventHandlerNull (0 ms)
[ RUN      ] InterfaceTestFixture.TestName_eventManagerNull
SetUp
eventManager() failed due to NULL parameter
TearDown
[       OK ] InterfaceTestFixture.TestName_eventManagerNull (0 ms)
[ RUN      ] InterfaceTestFixture.TestName_eventManagerSuccess
SetUp
eventManager: Generate IARM_BUS_NAME current event=ImageDwldEvent
eventManager: event_status = 2
Inside Mock Function IARM_Bus_BroadcastEvent
eventManager : >> IARM SUCCESS  Event=ImageDwldEvent,sysStateEvent=2
eventManager : IARM_event_sender closing
TearDown
[       OK ] InterfaceTestFixture.TestName_eventManagerSuccess (0 ms)
[ RUN      ] InterfaceTestFixture.TestName_eventManagerFail
SetUp
eventManager: Generate IARM_BUS_NAME current event=ImageDwldEvent
eventManager: event_status = 2
Inside Mock Function IARM_Bus_BroadcastEvent
eventManager : >> IARM FAILURE  Event=ImageDwldEvent,sysStateEvent=2
eventManager : IARM_event_sender closing
TearDown
[       OK ] InterfaceTestFixture.TestName_eventManagerFail (0 ms)
[ RUN      ] InterfaceTestFixture.TestName_invokeRbusDCMReport
SetUp
Mock rbus_open called with name: rdkfwRbus
Mock rbusMethod_InvokeAsync called with method: Device.X_RDKCENTRAL-COM_T2.UploadDCMReport, timeout: 0
Got 
 rbus callback
Mock rbusObject_GetValue called with name: UPLOAD_STATUS
Device.X_RDKCENTRAL-COM_T2.UploadDCMReport Upload Status = MockedUploadStatus
Waiting 60 sec to complete upload from Device.X_RDKCENTRAL-COM_T2.UploadDCMReport
Mock rbus_close called
TearDown
[       OK ] InterfaceTestFixture.TestName_invokeRbusDCMReport (60000 ms)
TearDownTestCase
[----------] 28 tests from InterfaceTestFixture (60025 ms total)

[----------] Global test environment tear-down
[==========] 28 tests from 1 test suite ran. (60028 ms total)
[  PASSED  ] 28 tests.
