Starting GTEST MAIN ===========================>
[==========] Running 93 tests from 6 test suites.
[----------] Global test environment set-up.
[----------] 3 tests from getContentLengthTest
[ RUN      ] getContentLengthTest.TestSuccess
Content-Length: 1234

Content_lenght string=Content-Length: 1234

Content_lenght string=1234
[       OK ] getContentLengthTest.TestSuccess (5 ms)
[ RUN      ] getContentLengthTest.TestFail
Inside getContentLength() unable to open file
[       OK ] getContentLengthTest.TestFail (1 ms)
[ RUN      ] getContentLengthTest.TestFail1
Content: 1234

Content_lenght string=0
[       OK ] getContentLengthTest.TestFail1 (4 ms)
[----------] 3 tests from getContentLengthTest (13 ms total)

[----------] 77 tests from MainHelperFunctionTest
[ RUN      ] MainHelperFunctionTest.getAppModeDefault
getAppMode: app mode = 1
[       OK ] MainHelperFunctionTest.getAppModeDefault (0 ms)
[ RUN      ] MainHelperFunctionTest.setAppModeDefault
setAppMode: app mode = 0
getAppMode: app mode = 0
[       OK ] MainHelperFunctionTest.setAppModeDefault (0 ms)
[ RUN      ] MainHelperFunctionTest.setandgetAppMode
setAppMode: app mode = 1
getAppMode: app mode = 1
[       OK ] MainHelperFunctionTest.setandgetAppMode (0 ms)
[ RUN      ] MainHelperFunctionTest.getDwnlStateDefault
getDwnlState: status = 0
[       OK ] MainHelperFunctionTest.getDwnlStateDefault (0 ms)
[ RUN      ] MainHelperFunctionTest.setDwnlStateDefault
setDwnlState: status = 0
getDwnlState: status = 0
[       OK ] MainHelperFunctionTest.setDwnlStateDefault (0 ms)
[ RUN      ] MainHelperFunctionTest.setandgetDwnlState
setDwnlState: status = 1
getDwnlState: status = 1
[       OK ] MainHelperFunctionTest.setandgetDwnlState (0 ms)
[ RUN      ] MainHelperFunctionTest.savePIDTestnull
[       OK ] MainHelperFunctionTest.savePIDTestnull (0 ms)
[ RUN      ] MainHelperFunctionTest.savePIDTestnullfp
[       OK ] MainHelperFunctionTest.savePIDTestnullfp (0 ms)
[ RUN      ] MainHelperFunctionTest.savePIDTestnullfp1
savePID() /com/testfile unable to create file=
[       OK ] MainHelperFunctionTest.savePIDTestnullfp1 (0 ms)
[ RUN      ] MainHelperFunctionTest.savePIDTestSuccess
savePID() =1234 to file=/tmp/testfile
[       OK ] MainHelperFunctionTest.savePIDTestSuccess (0 ms)
[ RUN      ] MainHelperFunctionTest.getPidStore
getPidStore() pid=26026 in string=26026

savePID() =26026
 to file=/tmp/.curl.pid
savePID() =26026
 to file=/tmp/.fwdnld.pid
File open success
After read buf = 26026

pid = 26026 and read_pid = 26026
[       OK ] MainHelperFunctionTest.getPidStore (0 ms)
[ RUN      ] MainHelperFunctionTest.HandlesDownloadInProgress
setDwnlState: status = 2
Checking Interupt download
setAppMode: app mode = 0
getDwnlState: status = 2

GMOCK WARNING:
Uninteresting mock function call - returning default value.
    Function call: doGetDwnlBytes(NULL)
          Returns: 0
NOTE: You can safely ignore the above warning unless this call should not happen.  Do not suppress it by blindly adding an EXPECT_CALL() if you don't mean to enforce the call.  See https://github.com/google/googletest/blob/master/docs/gmock_cook_book.md#knowing-when-to-expect for details.
Bytes Downloaded = 0
app mode is background and download speed is set to:0

GMOCK WARNING:
Uninteresting mock function call - returning directly.
    Function call: setForceStop(1)
NOTE: You can safely ignore the above warning unless this call should not happen.  Do not suppress it by blindly adding an EXPECT_CALL() if you don't mean to enforce the call.  See https://github.com/google/googletest/blob/master/docs/gmock_cook_book.md#knowing-when-to-expect for details.
Download is going to stop
[       OK ] MainHelperFunctionTest.HandlesDownloadInProgress (5 ms)
[ RUN      ] MainHelperFunctionTest.HandlesDownloadInProgressSpeed10
setDwnlState: status = 2
Checking Interupt download
setAppMode: app mode = 0
getDwnlState: status = 2
Bytes Downloaded = 10
Pause download and unpause with speed 10=>10
Curl Unpause fail:-2
Inside Mock Function doStopDownload

GMOCK WARNING:
Uninteresting mock function call - returning directly.
    Function call: doStopDownload(0x60913db199e0)
NOTE: You can safely ignore the above warning unless this call should not happen.  Do not suppress it by blindly adding an EXPECT_CALL() if you don't mean to enforce the call.  See https://github.com/google/googletest/blob/master/docs/gmock_cook_book.md#knowing-when-to-expect for details.
[       OK ] MainHelperFunctionTest.HandlesDownloadInProgressSpeed10 (1 ms)
[ RUN      ] MainHelperFunctionTest.HandlesDownloadInProgressAppMode1
setDwnlState: status = 2
Checking Interupt download
setAppMode: app mode = 1
getDwnlState: status = 2
Bytes Downloaded = 10
Pause download and unpause with UnThrottle mode 0

GMOCK WARNING:
Uninteresting mock function call - returning default value.
    Function call: doInteruptDwnl(0x60913db199e0, 0)
          Returns: 0
NOTE: You can safely ignore the above warning unless this call should not happen.  Do not suppress it by blindly adding an EXPECT_CALL() if you don't mean to enforce the call.  See https://github.com/google/googletest/blob/master/docs/gmock_cook_book.md#knowing-when-to-expect for details.
[       OK ] MainHelperFunctionTest.HandlesDownloadInProgressAppMode1 (0 ms)
[ RUN      ] MainHelperFunctionTest.HandlesDownloadInProgressAppMode2
setDwnlState: status = 2
Checking Interupt download
setAppMode: app mode = 2
getDwnlState: status = 2
Bytes Downloaded = 10
[       OK ] MainHelperFunctionTest.HandlesDownloadInProgressAppMode2 (0 ms)
[ RUN      ] MainHelperFunctionTest.t2ValNotifyHandlesNullInputs

GMOCK WARNING:
Uninteresting mock function call - returning default value.
    Function call: t2_event_s(NULL, NULL)
          Returns: 0
NOTE: You can safely ignore the above warning unless this call should not happen.  Do not suppress it by blindly adding an EXPECT_CALL() if you don't mean to enforce the call.  See https://github.com/google/googletest/blob/master/docs/gmock_cook_book.md#knowing-when-to-expect for details.
[       OK ] MainHelperFunctionTest.t2ValNotifyHandlesNullInputs (0 ms)
[ RUN      ] MainHelperFunctionTest.t2ValNotifyHandlesNonNullInputs
[       OK ] MainHelperFunctionTest.t2ValNotifyHandlesNonNullInputs (0 ms)
[ RUN      ] MainHelperFunctionTest.checkt2ValNotifynegative
[       OK ] MainHelperFunctionTest.checkt2ValNotifynegative (0 ms)
[ RUN      ] MainHelperFunctionTest.checkt2ValNotifynegative1
[       OK ] MainHelperFunctionTest.checkt2ValNotifynegative1 (0 ms)
[ RUN      ] MainHelperFunctionTest.checkt2ValNotifynegative2
[       OK ] MainHelperFunctionTest.checkt2ValNotifynegative2 (0 ms)
[ RUN      ] MainHelperFunctionTest.checkt2ValNotifypositive
ERROR: ../src/rdkv_upgrade.c:240:CERTERR, PCDL, 35, thisistest.com
[       OK ] MainHelperFunctionTest.checkt2ValNotifypositive (0 ms)
[ RUN      ] MainHelperFunctionTest.checkForTlsErrorsnegative
[       OK ] MainHelperFunctionTest.checkForTlsErrorsnegative (0 ms)
[ RUN      ] MainHelperFunctionTest.checkForTlsErrorspositive
ERROR: ../src/rdkv_upgrade.c:73:HTTPS --tlsv1.2 failed to connect to https://thisistest server with curl error code 91
[       OK ] MainHelperFunctionTest.checkForTlsErrorspositive (0 ms)
[ RUN      ] MainHelperFunctionTest.retryDownloadtest
retryDownload: Context is NULL
[       OK ] MainHelperFunctionTest.retryDownloadtest (0 ms)
[ RUN      ] MainHelperFunctionTest.retryDownloadtest1
retryDownload: servertype=0, url=test, loc=test1, httpcode=200, total retry=1, delay=0
retryDownload : Direct Image upgrade Success: ret:0 http_code:200
[       OK ] MainHelperFunctionTest.retryDownloadtest1 (0 ms)
[ RUN      ] MainHelperFunctionTest.retryDownloadtest2
retryDownload: servertype=2, url=test, loc=MEMORY, httpcode=206, retry=1, delay=0
retryDownload : Direct Image upgrade connection success: ret:0 http_code:206
[       OK ] MainHelperFunctionTest.retryDownloadtest2 (0 ms)
[ RUN      ] MainHelperFunctionTest.retryDownloadtest3
retryDownload: servertype=2, url=test, loc=MEMORY, httpcode=404, retry=1, delay=0
retryDownload : Received 404 response Direct Image upgrade from xconf, Retry logic not needed
[       OK ] MainHelperFunctionTest.retryDownloadtest3 (0 ms)
[ RUN      ] MainHelperFunctionTest.retryDownloadtest4
retryDownload: servertype=2, url=test, loc=MEMORY, httpcode=-2, retry=1, delay=0
retryDownload : Direct Image upgrade connection return: retry=1 ret:1 http_code:-2
[       OK ] MainHelperFunctionTest.retryDownloadtest4 (0 ms)
[ RUN      ] MainHelperFunctionTest.retryDownloadtest5
retryDownload: servertype=0, url=test, loc=test1, httpcode=200, total retry=1, delay=0
retryDownload : Direct Image upgrade return: retry=1 ret:1 http_code:200
[       OK ] MainHelperFunctionTest.retryDownloadtest5 (0 ms)
[ RUN      ] MainHelperFunctionTest.retryDownloadtest6
retryDownload : Codebig Image upgrade Success: ret:0 http_code:200
[       OK ] MainHelperFunctionTest.retryDownloadtest6 (0 ms)
[ RUN      ] MainHelperFunctionTest.retryDownloadtest7
retryDownload : Received 404 response for Codebig Image upgrade, Retry logic not needed
[       OK ] MainHelperFunctionTest.retryDownloadtest7 (0 ms)
[ RUN      ] MainHelperFunctionTest.retryDownloadtest8
retryDownload : Codebig Image upgrade return: retry=1 ret:1 http_code:200
[       OK ] MainHelperFunctionTest.retryDownloadtest8 (1000 ms)
[ RUN      ] MainHelperFunctionTest.rdkv_upgrade_requestTest
[UPGRADE_REQ] Enter rdkv_upgrade_request: context=0x7fff03c8fa40, curl=0x7fff03c8fa18, pHttp_code=(nil)
[UPGRADE_REQ] CRITICAL: context=0x7fff03c8fa40 or pHttp_code=(nil) is NULL
[       OK ] MainHelperFunctionTest.rdkv_upgrade_requestTest (0 ms)
[ RUN      ] MainHelperFunctionTest.chunkDownloadTestNULL
[       OK ] MainHelperFunctionTest.chunkDownloadTestNULL (0 ms)
[ RUN      ] MainHelperFunctionTest.chunkDownloadTestSuccess
Content-Length: 1234

Content_lenght string=Content-Length: 1234

Content_lenght string=1234
content_len = 1234 featched from headerfile=/tmp/testfirmware.bin.header

GMOCK WARNING:
Uninteresting mock function call - returning default value.
    Function call: t2_event_d(0x60913da26d20 pointing to "SYST_INFO_FetchFWCTN", 1)
          Returns: 0
NOTE: You can safely ignore the above warning unless this call should not happen.  Do not suppress it by blindly adding an EXPECT_CALL() if you don't mean to enforce the call.  See https://github.com/google/googletest/blob/master/docs/gmock_cook_book.md#knowing-when-to-expect for details.
Inside Mock Function filePresentCheck
Inside Mock Function getFileSize
chunkDownload() file size=12 and range=12-
setDwnlState: status = 1
Inside Mock Function doCurlInit
setDwnlState: status = 2
setDwnlState: status = 3
Inside Mock Function doStopDownload
chunkDownload() curl ret status=0
Inside Mock Function filePresentCheck
Inside Mock Function getFileSize
chunkDownload() curl status success=0, filesize=12, content_len=1234
chunkDownload() Downloaded File Size and content length fetch from header are not same. So Go For Full Download

GMOCK WARNING:
Uninteresting mock function call - returning default value.
    Function call: t2_event_d(0x60913da26d62 pointing to "SYST_ERR_DiffFWCTN_FLdnld", 1)
          Returns: 0
NOTE: You can safely ignore the above warning unless this call should not happen.  Do not suppress it by blindly adding an EXPECT_CALL() if you don't mean to enforce the call.  See https://github.com/google/googletest/blob/master/docs/gmock_cook_book.md#knowing-when-to-expect for details.
chunkDownload() File Size=12 and content len=1234
setDwnlState: status = 1
Inside Mock Function doCurlInit
setDwnlState: status = 2
setDwnlState: status = 3
Inside Mock Function doStopDownload
Inside Mock Function filePresentCheck
chunkDownload : Curl Progress data For Chunk Download...

GMOCK WARNING:
Uninteresting mock function call - returning default value.
    Function call: logFileData(0x60913da26d7c pointing to "/opt/curl_progress")
          Returns: 0
NOTE: You can safely ignore the above warning unless this call should not happen.  Do not suppress it by blindly adding an EXPECT_CALL() if you don't mean to enforce the call.  See https://github.com/google/googletest/blob/master/docs/gmock_cook_book.md#knowing-when-to-expect for details.
[       OK ] MainHelperFunctionTest.chunkDownloadTestSuccess (6 ms)
[ RUN      ] MainHelperFunctionTest.chunkDownloadFullTestSuccess
Content-Length: 1234

Content_lenght string=Content-Length: 1234

Content_lenght string=1234
content_len = 1234 featched from headerfile=/tmp/testfirmware.bin.header

GMOCK WARNING:
Uninteresting mock function call - returning default value.
    Function call: t2_event_d(0x60913da26d20 pointing to "SYST_INFO_FetchFWCTN", 1)
          Returns: 0
NOTE: You can safely ignore the above warning unless this call should not happen.  Do not suppress it by blindly adding an EXPECT_CALL() if you don't mean to enforce the call.  See https://github.com/google/googletest/blob/master/docs/gmock_cook_book.md#knowing-when-to-expect for details.
Inside Mock Function filePresentCheck
Inside Mock Function getFileSize
chunkDownload() file size=12 and range=12-
setDwnlState: status = 1
Inside Mock Function doCurlInit
setDwnlState: status = 2
setDwnlState: status = 3
Inside Mock Function doStopDownload
chunkDownload() curl ret status=33
chunkDownload() curl retun 33/36 So going for full Download:33
Inside Mock Function filePresentCheck
setDwnlState: status = 1
Inside Mock Function doCurlInit
setDwnlState: status = 2
setDwnlState: status = 3
Inside Mock Function doStopDownload
Inside Mock Function filePresentCheck
chunkDownload : Curl Progress data For Chunk Download...

GMOCK WARNING:
Uninteresting mock function call - returning default value.
    Function call: logFileData(0x60913da26d7c pointing to "/opt/curl_progress")
          Returns: 0
NOTE: You can safely ignore the above warning unless this call should not happen.  Do not suppress it by blindly adding an EXPECT_CALL() if you don't mean to enforce the call.  See https://github.com/google/googletest/blob/master/docs/gmock_cook_book.md#knowing-when-to-expect for details.
[       OK ] MainHelperFunctionTest.chunkDownloadFullTestSuccess (4 ms)
[ RUN      ] MainHelperFunctionTest.chunkDownloadNotNeededTest
Content-Length: 12

Content_lenght string=Content-Length: 12

Content_lenght string=12
content_len = 12 featched from headerfile=/tmp/testfirmware.bin.header

GMOCK WARNING:
Uninteresting mock function call - returning default value.
    Function call: t2_event_d(0x60913da26d20 pointing to "SYST_INFO_FetchFWCTN", 1)
          Returns: 0
NOTE: You can safely ignore the above warning unless this call should not happen.  Do not suppress it by blindly adding an EXPECT_CALL() if you don't mean to enforce the call.  See https://github.com/google/googletest/blob/master/docs/gmock_cook_book.md#knowing-when-to-expect for details.
Inside Mock Function filePresentCheck
Inside Mock Function getFileSize
chunkDownload() Existing file_size=12 and content_len=12 are same

GMOCK WARNING:
Uninteresting mock function call - returning default value.
    Function call: t2_event_d(0x60913da26d35 pointing to "SYST_INFO_SAME_FWCTN", 1)
          Returns: 0
NOTE: You can safely ignore the above warning unless this call should not happen.  Do not suppress it by blindly adding an EXPECT_CALL() if you don't mean to enforce the call.  See https://github.com/google/googletest/blob/master/docs/gmock_cook_book.md#knowing-when-to-expect for details.
[       OK ] MainHelperFunctionTest.chunkDownloadNotNeededTest (5 ms)
[ RUN      ] MainHelperFunctionTest.chunkDownloadgetfilesizeTestFail
Content-Length: 1234

Content_lenght string=Content-Length: 1234

Content_lenght string=1234
content_len = 1234 featched from headerfile=/tmp/testfirmware.bin.header

GMOCK WARNING:
Uninteresting mock function call - returning default value.
    Function call: t2_event_d(0x60913da26d20 pointing to "SYST_INFO_FetchFWCTN", 1)
          Returns: 0
NOTE: You can safely ignore the above warning unless this call should not happen.  Do not suppress it by blindly adding an EXPECT_CALL() if you don't mean to enforce the call.  See https://github.com/google/googletest/blob/master/docs/gmock_cook_book.md#knowing-when-to-expect for details.
Inside Mock Function filePresentCheck
Inside Mock Function getFileSize
chunkDownload() error getFileSize=/tmp/testfirmware.bin
[       OK ] MainHelperFunctionTest.chunkDownloadgetfilesizeTestFail (3 ms)
[ RUN      ] MainHelperFunctionTest.chunkDownloadTestFail2
Inside getContentLength() unable to open file
content_len = 0 featched from headerfile=/tmp/testfirmware.bin.header

GMOCK WARNING:
Uninteresting mock function call - returning default value.
    Function call: t2_event_d(0x60913da26d20 pointing to "SYST_INFO_FetchFWCTN", 1)
          Returns: 0
NOTE: You can safely ignore the above warning unless this call should not happen.  Do not suppress it by blindly adding an EXPECT_CALL() if you don't mean to enforce the call.  See https://github.com/google/googletest/blob/master/docs/gmock_cook_book.md#knowing-when-to-expect for details.
Inside Mock Function filePresentCheck
chunkDownload() Error to proceed for chunk download due to below reason.
Content length not present=0 or Partial image file not present.

GMOCK WARNING:
Uninteresting mock function call - returning default value.
    Function call: t2_event_d(0x60913da26d4e pointing to "SYST_ERR_FWCTNFetch", 1)
          Returns: 0
NOTE: You can safely ignore the above warning unless this call should not happen.  Do not suppress it by blindly adding an EXPECT_CALL() if you don't mean to enforce the call.  See https://github.com/google/googletest/blob/master/docs/gmock_cook_book.md#knowing-when-to-expect for details.
[       OK ] MainHelperFunctionTest.chunkDownloadTestFail2 (0 ms)
[ RUN      ] MainHelperFunctionTest.fallBackTestNULL
fallBack: Context is NULL
[       OK ] MainHelperFunctionTest.fallBackTestNULL (0 ms)
[ RUN      ] MainHelperFunctionTest.fallBackTestSuccess
fallBack: calling downloadFile
fallBack : Direct image upgrade failover request received return=0, httpcode=200
fallBack : fall back Direct Download. curl return code=0 and http=200
[       OK ] MainHelperFunctionTest.fallBackTestSuccess (0 ms)
[ RUN      ] MainHelperFunctionTest.fallBackTestFailure
fallBack: calling downloadFile
fallBack : Direct image upgrade failover request received return=1, httpcode=200
fallBack : fall back Direct Download. curl return code=1 and http=200
[       OK ] MainHelperFunctionTest.fallBackTestFailure (0 ms)
[ RUN      ] MainHelperFunctionTest.fallBackTestSuccessCodebig
fallBack: calling retryDownload
retryDownload : Codebig Image upgrade Success: ret:0 http_code:200
fallBack : Codebig Image upgrade Success: ret=0 httpcode=200
Inside Mock Function filePresentCheck

GMOCK WARNING:
Uninteresting mock function call - returning default value.
    Function call: filePresentCheck(0x60913da2578b pointing to "/tmp/.lastdirectfail_cdl")
          Returns: 0
NOTE: You can safely ignore the above warning unless this call should not happen.  Do not suppress it by blindly adding an EXPECT_CALL() if you don't mean to enforce the call.  See https://github.com/google/googletest/blob/master/docs/gmock_cook_book.md#knowing-when-to-expect for details.
fallBack : fall back Codebig Download. curl return code=0 and http=200
[       OK ] MainHelperFunctionTest.fallBackTestSuccessCodebig (10002 ms)
[ RUN      ] MainHelperFunctionTest.fallBackTestFailureCodebig
fallBack: calling retryDownload
retryDownload : Codebig Image upgrade return: retry=1 ret:1 http_code:200
fallBack : Codebig Image upgrade Fail: ret=1 httpcode=200
Inside Mock Function filePresentCheck

GMOCK WARNING:
Uninteresting mock function call - returning default value.
    Function call: filePresentCheck(0x60913da257a4 pointing to "/tmp/.lastcodebigfail_cdl")
          Returns: 0
NOTE: You can safely ignore the above warning unless this call should not happen.  Do not suppress it by blindly adding an EXPECT_CALL() if you don't mean to enforce the call.  See https://github.com/google/googletest/blob/master/docs/gmock_cook_book.md#knowing-when-to-expect for details.
fallBack : fall back Codebig Download. curl return code=1 and http=200
[       OK ] MainHelperFunctionTest.fallBackTestFailureCodebig (10001 ms)
[ RUN      ] MainHelperFunctionTest.updateUpgradeFlag1
[       OK ] MainHelperFunctionTest.updateUpgradeFlag1 (0 ms)
[ RUN      ] MainHelperFunctionTest.updateUpgradeFlag11
[       OK ] MainHelperFunctionTest.updateUpgradeFlag11 (0 ms)
[ RUN      ] MainHelperFunctionTest.updateUpgradeFlag2
Inside Mock Function filePresentCheck

GMOCK WARNING:
Uninteresting mock function call - returning default value.
    Function call: filePresentCheck(0x60913da1aab0 pointing to "/tmp/.imageDnldInProgress")
          Returns: 0
NOTE: You can safely ignore the above warning unless this call should not happen.  Do not suppress it by blindly adding an EXPECT_CALL() if you don't mean to enforce the call.  See https://github.com/google/googletest/blob/master/docs/gmock_cook_book.md#knowing-when-to-expect for details.
[       OK ] MainHelperFunctionTest.updateUpgradeFlag2 (0 ms)
[ RUN      ] MainHelperFunctionTest.updateUpgradeFlag22
Inside Mock Function filePresentCheck

GMOCK WARNING:
Uninteresting mock function call - returning default value.
    Function call: filePresentCheck(0x60913da196a0 pointing to "/tmp/device_initiated_rcdl_in_progress")
          Returns: 0
NOTE: You can safely ignore the above warning unless this call should not happen.  Do not suppress it by blindly adding an EXPECT_CALL() if you don't mean to enforce the call.  See https://github.com/google/googletest/blob/master/docs/gmock_cook_book.md#knowing-when-to-expect for details.
[       OK ] MainHelperFunctionTest.updateUpgradeFlag22 (0 ms)
[ RUN      ] MainHelperFunctionTest.uninitializeTest

GMOCK WARNING:
Uninteresting mock function call - returning default value.
    Function call: term_event_handler()
          Returns: 0
NOTE: You can safely ignore the above warning unless this call should not happen.  Do not suppress it by blindly adding an EXPECT_CALL() if you don't mean to enforce the call.  See https://github.com/google/googletest/blob/master/docs/gmock_cook_book.md#knowing-when-to-expect for details.
Inside Mock Function filePresentCheck

GMOCK WARNING:
Uninteresting mock function call - returning default value.
    Function call: filePresentCheck(0x60913da196a0 pointing to "/tmp/device_initiated_rcdl_in_progress")
          Returns: 0
NOTE: You can safely ignore the above warning unless this call should not happen.  Do not suppress it by blindly adding an EXPECT_CALL() if you don't mean to enforce the call.  See https://github.com/google/googletest/blob/master/docs/gmock_cook_book.md#knowing-when-to-expect for details.
[       OK ] MainHelperFunctionTest.uninitializeTest (0 ms)
[ RUN      ] MainHelperFunctionTest.initializeTest

GMOCK WARNING:
Uninteresting mock function call - returning directly.
    Function call: t2_init(0x60913da245f6 pointing to "rdkfwupgrader")
NOTE: You can safely ignore the above warning unless this call should not happen.  Do not suppress it by blindly adding an EXPECT_CALL() if you don't mean to enforce the call.  See https://github.com/google/googletest/blob/master/docs/gmock_cook_book.md#knowing-when-to-expect for details.
getDeviceProperties() return fail
[       OK ] MainHelperFunctionTest.initializeTest (0 ms)
[ RUN      ] MainHelperFunctionTest.initializeTest1

GMOCK WARNING:
Uninteresting mock function call - returning directly.
    Function call: t2_init(0x60913da245f6 pointing to "rdkfwupgrader")
NOTE: You can safely ignore the above warning unless this call should not happen.  Do not suppress it by blindly adding an EXPECT_CALL() if you don't mean to enforce the call.  See https://github.com/google/googletest/blob/master/docs/gmock_cook_book.md#knowing-when-to-expect for details.

GMOCK WARNING:
Uninteresting mock function call - returning default value.
    Function call: createDir(0x60913db1a264 pointing to "")
          Returns: 0
NOTE: You can safely ignore the above warning unless this call should not happen.  Do not suppress it by blindly adding an EXPECT_CALL() if you don't mean to enforce the call.  See https://github.com/google/googletest/blob/master/docs/gmock_cook_book.md#knowing-when-to-expect for details.
Inside Mock Function v_secure_popen

GMOCK WARNING:
Uninteresting mock function call - returning default value.
    Function call: v_secure_popen(0x60913da2a2b6 pointing to "r", NULL, NULL)
          Returns: NULL
NOTE: You can safely ignore the above warning unless this call should not happen.  Do not suppress it by blindly adding an EXPECT_CALL() if you don't mean to enforce the call.  See https://github.com/google/googletest/blob/master/docs/gmock_cook_book.md#knowing-when-to-expect for details.
RunCommand: Failed to open pipe command execution
Inside Mock Function doCurlInit

GMOCK WARNING:
Uninteresting mock function call - returning default value.
    Function call: doCurlInit()
          Returns: NULL
NOTE: You can safely ignore the above warning unless this call should not happen.  Do not suppress it by blindly adding an EXPECT_CALL() if you don't mean to enforce the call.  See https://github.com/google/googletest/blob/master/docs/gmock_cook_book.md#knowing-when-to-expect for details.
getJsonRpc: doCurlInit fail
[       OK ] MainHelperFunctionTest.initializeTest1 (0 ms)
[ RUN      ] MainHelperFunctionTest.saveHTTPCodeTest
saveHTTPCode() Writing httpcode=200
 to file:/opt/xconf_curl_httpcode
File open success
After read buf = 200

[       OK ] MainHelperFunctionTest.saveHTTPCodeTest (0 ms)
[ RUN      ] MainHelperFunctionTest.HandlesNormalCase1
closing the file
softwareoptout value =softwareoptout IGNORE_UPDATE .
[       OK ] MainHelperFunctionTest.HandlesNormalCase1 (0 ms)
[ RUN      ] MainHelperFunctionTest.HandlesNormalCase0
closing the file
softwareoptout value =softwareoptout ENFORCE_OPTOUT .
[       OK ] MainHelperFunctionTest.HandlesNormalCase0 (0 ms)
[ RUN      ] MainHelperFunctionTest.HandlesNullFilename
[       OK ] MainHelperFunctionTest.HandlesNullFilename (0 ms)
[ RUN      ] MainHelperFunctionTest.flashImageTestNull
flashImage : Parametr is NULL
[       OK ] MainHelperFunctionTest.flashImageTestNull (0 ms)
[ RUN      ] MainHelperFunctionTest.flashImageTest
upgrade file = /firmware.bin
upgrade file = firmware.bin
Starting Image Flashing ...
Upgrade Server = fwdl.com
Upgrade File = /tmp/firmware.bin
Reboot Flag = false
Upgrade protocol = 2
PDRI Upgrade = 0
Image name = /firmware.bin
headerfile=/tmp/firmware.bin.header
Inside Mock Function getDevicePropertyData
cpu_arch = X86
Inside Mock Function getDevicePropertyData
difw path = 
Inside Mock Function filePresentCheck
Inside Mock Function v_secure_system

GMOCK WARNING:
Uninteresting mock function call - returning default value.
    Function call: v_secure_system(0x60913da27be0 pointing to "/lib/rdk/imageFlasher.sh '%s' '%s' '%s' '%s' '%s' '%s'", NULL, NULL)
          Returns: NULL
NOTE: You can safely ignore the above warning unless this call should not happen.  Do not suppress it by blindly adding an EXPECT_CALL() if you don't mean to enforce the call.  See https://github.com/google/googletest/blob/master/docs/gmock_cook_book.md#knowing-when-to-expect for details.
flash_status = 0 and ret = 0
doCDL success.

GMOCK WARNING:
Uninteresting mock function call - returning default value.
    Function call: t2_event_d(0x60913da27458 pointing to "SYST_INFO_CDLSuccess", 1)
          Returns: 0
NOTE: You can safely ignore the above warning unless this call should not happen.  Do not suppress it by blindly adding an EXPECT_CALL() if you don't mean to enforce the call.  See https://github.com/google/googletest/blob/master/docs/gmock_cook_book.md#knowing-when-to-expect for details.
Image Flashing is success

GMOCK WARNING:
Uninteresting mock function call - returning default value.
    Function call: t2_event_d(0x60913da274b3 pointing to "SYST_INFO_ImgFlashOK", 1)
          Returns: 0
NOTE: You can safely ignore the above warning unless this call should not happen.  Do not suppress it by blindly adding an EXPECT_CALL() if you don't mean to enforce the call.  See https://github.com/google/googletest/blob/master/docs/gmock_cook_book.md#knowing-when-to-expect for details.
Device_X_COMCAST_COM_Xcalibur_Client_xconfCheckNow: File does not exist
Inside Mock Function filePresentCheck
flashImage: Flashing completed. Deleting File:/tmp/firmware.bin
Inside Mock Function getDevicePropertyData
postFlash: device_type = 
Inside Mock Function getDevicePropertyData
postFlash: device_name = PLATCO
Inside Mock Function getDevicePropertyData
postFlash: security stage2file name = /tmp/stage2
Inside Mock Function filePresentCheck

GMOCK WARNING:
Uninteresting mock function call - returning default value.
    Function call: isMmgbleNotifyEnabled()
          Returns: false
NOTE: You can safely ignore the above warning unless this call should not happen.  Do not suppress it by blindly adding an EXPECT_CALL() if you don't mean to enforce the call.  See https://github.com/google/googletest/blob/master/docs/gmock_cook_book.md#knowing-when-to-expect for details.
Inside Mock Function isInStateRed

GMOCK WARNING:
Uninteresting mock function call - returning default value.
    Function call: isInStateRed()
          Returns: false
NOTE: You can safely ignore the above warning unless this call should not happen.  Do not suppress it by blindly adding an EXPECT_CALL() if you don't mean to enforce the call.  See https://github.com/google/googletest/blob/master/docs/gmock_cook_book.md#knowing-when-to-expect for details.
Device_X_COMCAST_COM_Xcalibur_Client_xconfCheckNow: Error opening file for read
Inside Mock Function filePresentCheck
postFlash : Upgraded file = firmware.bin
Inside Mock Function filePresentCheck
Inside Mock Function filePresentCheck
Inside Mock Function filePresentCheck
flashImage: Flashing completed. Deleting headerfile File:/tmp/firmware.bin.header
[       OK ] MainHelperFunctionTest.flashImageTest (5018 ms)
[ RUN      ] MainHelperFunctionTest.flashImageTestRedState
upgrade file = /firmware.bin
upgrade file = firmware.bin
Starting Image Flashing ...
Upgrade Server = fwdl.com
Upgrade File = /tmp/firmware.bin
Reboot Flag = false
Upgrade protocol = 2
PDRI Upgrade = 0
Image name = /firmware.bin
headerfile=/tmp/firmware.bin.header
Inside Mock Function getDevicePropertyData
cpu_arch = X86
Inside Mock Function getDevicePropertyData
difw path = 
Inside Mock Function filePresentCheck
Inside Mock Function v_secure_system

GMOCK WARNING:
Uninteresting mock function call - returning default value.
    Function call: v_secure_system(0x60913da27be0 pointing to "/lib/rdk/imageFlasher.sh '%s' '%s' '%s' '%s' '%s' '%s'", NULL, NULL)
          Returns: NULL
NOTE: You can safely ignore the above warning unless this call should not happen.  Do not suppress it by blindly adding an EXPECT_CALL() if you don't mean to enforce the call.  See https://github.com/google/googletest/blob/master/docs/gmock_cook_book.md#knowing-when-to-expect for details.
flash_status = 0 and ret = 0
doCDL success.

GMOCK WARNING:
Uninteresting mock function call - returning default value.
    Function call: t2_event_d(0x60913da27458 pointing to "SYST_INFO_CDLSuccess", 1)
          Returns: 0
NOTE: You can safely ignore the above warning unless this call should not happen.  Do not suppress it by blindly adding an EXPECT_CALL() if you don't mean to enforce the call.  See https://github.com/google/googletest/blob/master/docs/gmock_cook_book.md#knowing-when-to-expect for details.
Image Flashing is success

GMOCK WARNING:
Uninteresting mock function call - returning default value.
    Function call: t2_event_d(0x60913da274b3 pointing to "SYST_INFO_ImgFlashOK", 1)
          Returns: 0
NOTE: You can safely ignore the above warning unless this call should not happen.  Do not suppress it by blindly adding an EXPECT_CALL() if you don't mean to enforce the call.  See https://github.com/google/googletest/blob/master/docs/gmock_cook_book.md#knowing-when-to-expect for details.
Device_X_COMCAST_COM_Xcalibur_Client_xconfCheckNow: File does not exist
Inside Mock Function filePresentCheck
flashImage: Flashing completed. Deleting File:/tmp/firmware.bin
Inside Mock Function getDevicePropertyData
postFlash: device_type = 
Inside Mock Function getDevicePropertyData
postFlash: device_name = PLATCO
Inside Mock Function getDevicePropertyData
postFlash: security stage2file name = /tmp/stage2
Inside Mock Function filePresentCheck

GMOCK WARNING:
Uninteresting mock function call - returning default value.
    Function call: isMmgbleNotifyEnabled()
          Returns: false
NOTE: You can safely ignore the above warning unless this call should not happen.  Do not suppress it by blindly adding an EXPECT_CALL() if you don't mean to enforce the call.  See https://github.com/google/googletest/blob/master/docs/gmock_cook_book.md#knowing-when-to-expect for details.
Inside Mock Function isInStateRed
Creating red_state_reboot file
Device_X_COMCAST_COM_Xcalibur_Client_xconfCheckNow: Error opening file for read
Inside Mock Function filePresentCheck
postFlash : Upgraded file = firmware.bin
Inside Mock Function filePresentCheck
Inside Mock Function filePresentCheck
Inside Mock Function filePresentCheck
flashImage: Flashing completed. Deleting headerfile File:/tmp/firmware.bin.header
[       OK ] MainHelperFunctionTest.flashImageTestRedState (5038 ms)
[ RUN      ] MainHelperFunctionTest.flashImageTestFail
upgrade file = /firmware.bin
upgrade file = firmware.bin
Starting Image Flashing ...
Upgrade Server = fwdl.com
Upgrade File = /tmp/firmware.bin
Reboot Flag = false
Upgrade protocol = 2
PDRI Upgrade = 0
Image name = /firmware.bin
headerfile=/tmp/firmware.bin.header
Inside Mock Function getDevicePropertyData
cpu_arch = X86
Inside Mock Function getDevicePropertyData
difw path = 
Inside Mock Function filePresentCheck
Inside Mock Function v_secure_system
flash_status = 1 and ret = 1
Image Flashing failed

GMOCK WARNING:
Uninteresting mock function call - returning default value.
    Function call: t2_event_d(0x60913da27483 pointing to "SYST_ERR_imageflsfail", 1)
          Returns: 0
NOTE: You can safely ignore the above warning unless this call should not happen.  Do not suppress it by blindly adding an EXPECT_CALL() if you don't mean to enforce the call.  See https://github.com/google/googletest/blob/master/docs/gmock_cook_book.md#knowing-when-to-expect for details.
Inside Mock Function filePresentCheck
Inside Mock Function filePresentCheck
Inside Mock Function filePresentCheck
flashImage: Flashing completed. Deleting headerfile File:/tmp/firmware.bin.header
[       OK ] MainHelperFunctionTest.flashImageTestFail (1 ms)
[ RUN      ] MainHelperFunctionTest.flashImageTestFail1
upgrade file = /firmware.bin
upgrade file = firmware.bin
Starting Image Flashing ...
Upgrade Server = fwdl.com
Upgrade File = /tmp/firmware.bin
Reboot Flag = false
Upgrade protocol = 2
PDRI Upgrade = 0
Image name = /firmware.bin
headerfile=/tmp/firmware.bin.header
Inside Mock Function getDevicePropertyData
cpu_arch = X86
Inside Mock Function getDevicePropertyData
difw path = 
Inside Mock Function filePresentCheck
Inside Mock Function v_secure_system
flash_status = 1 and ret = 1
Image Flashing failed

GMOCK WARNING:
Uninteresting mock function call - returning default value.
    Function call: t2_event_d(0x60913da27483 pointing to "SYST_ERR_imageflsfail", 1)
          Returns: 0
NOTE: You can safely ignore the above warning unless this call should not happen.  Do not suppress it by blindly adding an EXPECT_CALL() if you don't mean to enforce the call.  See https://github.com/google/googletest/blob/master/docs/gmock_cook_book.md#knowing-when-to-expect for details.
Inside Mock Function filePresentCheck
Inside Mock Function filePresentCheck
flashImage: Flashing completed. Deleting headerfile File:/tmp/firmware.bin.header
[       OK ] MainHelperFunctionTest.flashImageTestFail1 (0 ms)
[ RUN      ] MainHelperFunctionTest.flashImageTestFail2
upgrade file = /firmware.bin
upgrade file = firmware.bin
Starting Image Flashing ...
Upgrade Server = fwdl.com
Upgrade File = /tmp/firmware.bin
Reboot Flag = false
Upgrade protocol = 2
PDRI Upgrade = 0
Image name = /firmware.bin
headerfile=/tmp/firmware.bin.header
Inside Mock Function getDevicePropertyData
flashImage: getDevicePropertyData() for cpu arch fail
Inside Mock Function getDevicePropertyData
flashImage: getDevicePropertyData() for DIFW_PATH fail
Inside Mock Function filePresentCheck
Inside Mock Function v_secure_system
flash_status = 1 and ret = 1
Image Flashing failed

GMOCK WARNING:
Uninteresting mock function call - returning default value.
    Function call: t2_event_d(0x60913da27483 pointing to "SYST_ERR_imageflsfail", 1)
          Returns: 0
NOTE: You can safely ignore the above warning unless this call should not happen.  Do not suppress it by blindly adding an EXPECT_CALL() if you don't mean to enforce the call.  See https://github.com/google/googletest/blob/master/docs/gmock_cook_book.md#knowing-when-to-expect for details.
Inside Mock Function filePresentCheck
Inside Mock Function filePresentCheck
Inside Mock Function filePresentCheck
flashImage: Flashing completed. Deleting headerfile File:/tmp/firmware.bin.header
[       OK ] MainHelperFunctionTest.flashImageTestFail2 (0 ms)
[ RUN      ] MainHelperFunctionTest.flashImageTestRebootTrue
reboot flag = 1
upgrade file = /firmware.bin
upgrade file = firmware.bin
Starting Image Flashing ...
Upgrade Server = fwdl.com
Upgrade File = /tmp/firmware.bin
Reboot Flag = true
Upgrade protocol = 2
PDRI Upgrade = 0
Image name = /firmware.bin
headerfile=/tmp/firmware.bin.header
Inside Mock Function getDevicePropertyData
cpu_arch = X86
Inside Mock Function getDevicePropertyData
difw path = 
Inside Mock Function filePresentCheck
Inside Mock Function v_secure_system

GMOCK WARNING:
Uninteresting mock function call - returning default value.
    Function call: v_secure_system(0x60913da27be0 pointing to "/lib/rdk/imageFlasher.sh '%s' '%s' '%s' '%s' '%s' '%s'", NULL, NULL)
          Returns: NULL
NOTE: You can safely ignore the above warning unless this call should not happen.  Do not suppress it by blindly adding an EXPECT_CALL() if you don't mean to enforce the call.  See https://github.com/google/googletest/blob/master/docs/gmock_cook_book.md#knowing-when-to-expect for details.
flash_status = 0 and ret = 0
doCDL success.

GMOCK WARNING:
Uninteresting mock function call - returning default value.
    Function call: t2_event_d(0x60913da27458 pointing to "SYST_INFO_CDLSuccess", 1)
          Returns: 0
NOTE: You can safely ignore the above warning unless this call should not happen.  Do not suppress it by blindly adding an EXPECT_CALL() if you don't mean to enforce the call.  See https://github.com/google/googletest/blob/master/docs/gmock_cook_book.md#knowing-when-to-expect for details.
Image Flashing is success

GMOCK WARNING:
Uninteresting mock function call - returning default value.
    Function call: t2_event_d(0x60913da274b3 pointing to "SYST_INFO_ImgFlashOK", 1)
          Returns: 0
NOTE: You can safely ignore the above warning unless this call should not happen.  Do not suppress it by blindly adding an EXPECT_CALL() if you don't mean to enforce the call.  See https://github.com/google/googletest/blob/master/docs/gmock_cook_book.md#knowing-when-to-expect for details.
Device_X_COMCAST_COM_Xcalibur_Client_xconfCheckNow: File does not exist
Inside Mock Function filePresentCheck
flashImage: Flashing completed. Deleting File:/tmp/firmware.bin
Inside Mock Function getDevicePropertyData
postFlash: device_type = 
Inside Mock Function getDevicePropertyData
postFlash: device_name = PLATCO
Inside Mock Function getDevicePropertyData
postFlash: security stage2file name = /tmp/stage2
Inside Mock Function filePresentCheck

GMOCK WARNING:
Uninteresting mock function call - returning default value.
    Function call: isMmgbleNotifyEnabled()
          Returns: false
NOTE: You can safely ignore the above warning unless this call should not happen.  Do not suppress it by blindly adding an EXPECT_CALL() if you don't mean to enforce the call.  See https://github.com/google/googletest/blob/master/docs/gmock_cook_book.md#knowing-when-to-expect for details.
Inside Mock Function isInStateRed

GMOCK WARNING:
Uninteresting mock function call - returning default value.
    Function call: isInStateRed()
          Returns: false
NOTE: You can safely ignore the above warning unless this call should not happen.  Do not suppress it by blindly adding an EXPECT_CALL() if you don't mean to enforce the call.  See https://github.com/google/googletest/blob/master/docs/gmock_cook_book.md#knowing-when-to-expect for details.
Device_X_COMCAST_COM_Xcalibur_Client_xconfCheckNow: Error opening file for read
Inside Mock Function filePresentCheck
postFlash : Upgraded file = firmware.bin
Download is complete. Rebooting the box now...
Trigger RebootPendingNotification in background

GMOCK WARNING:
Uninteresting mock function call - returning directly.
    Function call: unsetStateRed()
NOTE: You can safely ignore the above warning unless this call should not happen.  Do not suppress it by blindly adding an EXPECT_CALL() if you don't mean to enforce the call.  See https://github.com/google/googletest/blob/master/docs/gmock_cook_book.md#knowing-when-to-expect for details.
sleep for 2 sec to send reboot pending notification
Inside Mock Function v_secure_system

GMOCK WARNING:
Uninteresting mock function call - returning default value.
    Function call: v_secure_system(0x60913da27940 pointing to "sh /rebootNow.sh -s '%s' -o '%s'", NULL, NULL)
          Returns: NULL
NOTE: You can safely ignore the above warning unless this call should not happen.  Do not suppress it by blindly adding an EXPECT_CALL() if you don't mean to enforce the call.  See https://github.com/google/googletest/blob/master/docs/gmock_cook_book.md#knowing-when-to-expect for details.
Inside Mock Function filePresentCheck
Inside Mock Function filePresentCheck
Inside Mock Function filePresentCheck
flashImage: Flashing completed. Deleting headerfile File:/tmp/firmware.bin.header
[       OK ] MainHelperFunctionTest.flashImageTestRebootTrue (7009 ms)
[ RUN      ] MainHelperFunctionTest.flashImageTestPdri
upgrade file = /firmware.bin
upgrade file = firmware.bin
Starting Image Flashing ...
Upgrade Server = fwdl.com
Upgrade File = /tmp/firmware.bin
Reboot Flag = false
Upgrade protocol = 2
PDRI Upgrade = 1
Image name = /firmware.bin
headerfile=/tmp/firmware.bin.header
Updating PDRI image with  /tmp/firmware.bin
Inside Mock Function getDevicePropertyData
cpu_arch = X86
Inside Mock Function getDevicePropertyData
difw path = 
Inside Mock Function filePresentCheck
upgrade type = pdri
Inside Mock Function v_secure_system

GMOCK WARNING:
Uninteresting mock function call - returning default value.
    Function call: v_secure_system(0x60913da27be0 pointing to "/lib/rdk/imageFlasher.sh '%s' '%s' '%s' '%s' '%s' '%s'", NULL, NULL)
          Returns: NULL
NOTE: You can safely ignore the above warning unless this call should not happen.  Do not suppress it by blindly adding an EXPECT_CALL() if you don't mean to enforce the call.  See https://github.com/google/googletest/blob/master/docs/gmock_cook_book.md#knowing-when-to-expect for details.
flash_status = 0 and ret = 0
Image Flashing is success

GMOCK WARNING:
Uninteresting mock function call - returning default value.
    Function call: t2_event_d(0x60913da274b3 pointing to "SYST_INFO_ImgFlashOK", 1)
          Returns: 0
NOTE: You can safely ignore the above warning unless this call should not happen.  Do not suppress it by blindly adding an EXPECT_CALL() if you don't mean to enforce the call.  See https://github.com/google/googletest/blob/master/docs/gmock_cook_book.md#knowing-when-to-expect for details.
Device_X_COMCAST_COM_Xcalibur_Client_xconfCheckNow: File does not exist
Inside Mock Function filePresentCheck
flashImage: Flashing completed. Deleting File:/tmp/firmware.bin
Inside Mock Function getDevicePropertyData
postFlash: device_type = 
Inside Mock Function getDevicePropertyData
postFlash: device_name = PLATCO
Inside Mock Function getDevicePropertyData
postFlash: security stage2file name = /tmp/stage2
Inside Mock Function filePresentCheck

GMOCK WARNING:
Uninteresting mock function call - returning default value.
    Function call: isMmgbleNotifyEnabled()
          Returns: false
NOTE: You can safely ignore the above warning unless this call should not happen.  Do not suppress it by blindly adding an EXPECT_CALL() if you don't mean to enforce the call.  See https://github.com/google/googletest/blob/master/docs/gmock_cook_book.md#knowing-when-to-expect for details.
Inside Mock Function isInStateRed

GMOCK WARNING:
Uninteresting mock function call - returning default value.
    Function call: isInStateRed()
          Returns: false
NOTE: You can safely ignore the above warning unless this call should not happen.  Do not suppress it by blindly adding an EXPECT_CALL() if you don't mean to enforce the call.  See https://github.com/google/googletest/blob/master/docs/gmock_cook_book.md#knowing-when-to-expect for details.
Device_X_COMCAST_COM_Xcalibur_Client_xconfCheckNow: Error opening file for read
Inside Mock Function filePresentCheck
Reboot Not Needed after PDRI Upgrade..!
Inside Mock Function filePresentCheck
Inside Mock Function filePresentCheck
Inside Mock Function filePresentCheck
flashImage: Flashing completed. Deleting headerfile File:/tmp/firmware.bin.header
[       OK ] MainHelperFunctionTest.flashImageTestPdri (5014 ms)
[ RUN      ] MainHelperFunctionTest.flashImageTestMaintTrue
reboot flag = 1
upgrade file = /firmware.bin
upgrade file = firmware.bin
Starting Image Flashing ...
Upgrade Server = fwdl.com
Upgrade File = /tmp/firmware.bin
Reboot Flag = true
Upgrade protocol = 2
PDRI Upgrade = 0
Image name = /firmware.bin
headerfile=/tmp/firmware.bin.header
Inside Mock Function getDevicePropertyData
cpu_arch = X86
Inside Mock Function getDevicePropertyData
difw path = 
Inside Mock Function filePresentCheck
Inside Mock Function v_secure_system

GMOCK WARNING:
Uninteresting mock function call - returning default value.
    Function call: v_secure_system(0x60913da27be0 pointing to "/lib/rdk/imageFlasher.sh '%s' '%s' '%s' '%s' '%s' '%s'", NULL, NULL)
          Returns: NULL
NOTE: You can safely ignore the above warning unless this call should not happen.  Do not suppress it by blindly adding an EXPECT_CALL() if you don't mean to enforce the call.  See https://github.com/google/googletest/blob/master/docs/gmock_cook_book.md#knowing-when-to-expect for details.
flash_status = 0 and ret = 0
doCDL success.

GMOCK WARNING:
Uninteresting mock function call - returning default value.
    Function call: t2_event_d(0x60913da27458 pointing to "SYST_INFO_CDLSuccess", 1)
          Returns: 0
NOTE: You can safely ignore the above warning unless this call should not happen.  Do not suppress it by blindly adding an EXPECT_CALL() if you don't mean to enforce the call.  See https://github.com/google/googletest/blob/master/docs/gmock_cook_book.md#knowing-when-to-expect for details.
Image Flashing is success

GMOCK WARNING:
Uninteresting mock function call - returning default value.
    Function call: t2_event_d(0x60913da274b3 pointing to "SYST_INFO_ImgFlashOK", 1)
          Returns: 0
NOTE: You can safely ignore the above warning unless this call should not happen.  Do not suppress it by blindly adding an EXPECT_CALL() if you don't mean to enforce the call.  See https://github.com/google/googletest/blob/master/docs/gmock_cook_book.md#knowing-when-to-expect for details.
Device_X_COMCAST_COM_Xcalibur_Client_xconfCheckNow: File does not exist
Posting Critical updateInside Mock Function filePresentCheck
flashImage: Flashing completed. Deleting File:/tmp/firmware.bin
Inside Mock Function getDevicePropertyData
postFlash: device_type = 
Inside Mock Function getDevicePropertyData
postFlash: device_name = PLATCO
Inside Mock Function getDevicePropertyData
postFlash: security stage2file name = /tmp/stage2
Inside Mock Function filePresentCheck

GMOCK WARNING:
Uninteresting mock function call - returning default value.
    Function call: isMmgbleNotifyEnabled()
          Returns: false
NOTE: You can safely ignore the above warning unless this call should not happen.  Do not suppress it by blindly adding an EXPECT_CALL() if you don't mean to enforce the call.  See https://github.com/google/googletest/blob/master/docs/gmock_cook_book.md#knowing-when-to-expect for details.
Inside Mock Function isInStateRed

GMOCK WARNING:
Uninteresting mock function call - returning default value.
    Function call: isInStateRed()
          Returns: false
NOTE: You can safely ignore the above warning unless this call should not happen.  Do not suppress it by blindly adding an EXPECT_CALL() if you don't mean to enforce the call.  See https://github.com/google/googletest/blob/master/docs/gmock_cook_book.md#knowing-when-to-expect for details.
Device_X_COMCAST_COM_Xcalibur_Client_xconfCheckNow: Error opening file for read
Inside Mock Function filePresentCheck
postFlash : Upgraded file = firmware.bin
Send notification to reboot in 10mins due to critical upgrade
Sleeping for 600 sec before rebooting the STB
Application Reboot Timer of 600 expired, Rebooting from RDK
Inside Mock Function v_secure_system

GMOCK WARNING:
Uninteresting mock function call - returning default value.
    Function call: v_secure_system(0x60913da27940 pointing to "sh /rebootNow.sh -s '%s' -o '%s'", NULL, NULL)
          Returns: NULL
NOTE: You can safely ignore the above warning unless this call should not happen.  Do not suppress it by blindly adding an EXPECT_CALL() if you don't mean to enforce the call.  See https://github.com/google/googletest/blob/master/docs/gmock_cook_book.md#knowing-when-to-expect for details.

GMOCK WARNING:
Uninteresting mock function call - returning default value.
    Function call: updateOPTOUTFile(0x60913da24e00 pointing to "/opt/maintenance_mgr_record.conf")
          Returns: false
NOTE: You can safely ignore the above warning unless this call should not happen.  Do not suppress it by blindly adding an EXPECT_CALL() if you don't mean to enforce the call.  See https://github.com/google/googletest/blob/master/docs/gmock_cook_book.md#knowing-when-to-expect for details.
Inside Mock Function filePresentCheck
Inside Mock Function filePresentCheck
Inside Mock Function filePresentCheck
flashImage: Flashing completed. Deleting headerfile File:/tmp/firmware.bin.header
[       OK ] MainHelperFunctionTest.flashImageTestMaintTrue (605024 ms)
[ RUN      ] MainHelperFunctionTest.flashImageTestMaintFalse
reboot flag = 1
upgrade file = /firmware.bin
upgrade file = firmware.bin
Starting Image Flashing ...
Upgrade Server = fwdl.com
Upgrade File = /tmp/firmware.bin
Reboot Flag = true
Upgrade protocol = 2
PDRI Upgrade = 0
Image name = /firmware.bin
headerfile=/tmp/firmware.bin.header
Inside Mock Function getDevicePropertyData
cpu_arch = X86
Inside Mock Function getDevicePropertyData
difw path = 
Inside Mock Function filePresentCheck
Inside Mock Function v_secure_system

GMOCK WARNING:
Uninteresting mock function call - returning default value.
    Function call: v_secure_system(0x60913da27be0 pointing to "/lib/rdk/imageFlasher.sh '%s' '%s' '%s' '%s' '%s' '%s'", NULL, NULL)
          Returns: NULL
NOTE: You can safely ignore the above warning unless this call should not happen.  Do not suppress it by blindly adding an EXPECT_CALL() if you don't mean to enforce the call.  See https://github.com/google/googletest/blob/master/docs/gmock_cook_book.md#knowing-when-to-expect for details.
flash_status = 0 and ret = 0
doCDL success.

GMOCK WARNING:
Uninteresting mock function call - returning default value.
    Function call: t2_event_d(0x60913da27458 pointing to "SYST_INFO_CDLSuccess", 1)
          Returns: 0
NOTE: You can safely ignore the above warning unless this call should not happen.  Do not suppress it by blindly adding an EXPECT_CALL() if you don't mean to enforce the call.  See https://github.com/google/googletest/blob/master/docs/gmock_cook_book.md#knowing-when-to-expect for details.
Image Flashing is success

GMOCK WARNING:
Uninteresting mock function call - returning default value.
    Function call: t2_event_d(0x60913da274b3 pointing to "SYST_INFO_ImgFlashOK", 1)
          Returns: 0
NOTE: You can safely ignore the above warning unless this call should not happen.  Do not suppress it by blindly adding an EXPECT_CALL() if you don't mean to enforce the call.  See https://github.com/google/googletest/blob/master/docs/gmock_cook_book.md#knowing-when-to-expect for details.
Device_X_COMCAST_COM_Xcalibur_Client_xconfCheckNow: File does not exist
Inside Mock Function filePresentCheck
flashImage: Flashing completed. Deleting File:/tmp/firmware.bin
Inside Mock Function getDevicePropertyData
postFlash: device_type = 
Inside Mock Function getDevicePropertyData
postFlash: device_name = PLATCO
Inside Mock Function getDevicePropertyData
postFlash: security stage2file name = /tmp/stage2
Inside Mock Function filePresentCheck

GMOCK WARNING:
Uninteresting mock function call - returning default value.
    Function call: isMmgbleNotifyEnabled()
          Returns: false
NOTE: You can safely ignore the above warning unless this call should not happen.  Do not suppress it by blindly adding an EXPECT_CALL() if you don't mean to enforce the call.  See https://github.com/google/googletest/blob/master/docs/gmock_cook_book.md#knowing-when-to-expect for details.
Inside Mock Function isInStateRed

GMOCK WARNING:
Uninteresting mock function call - returning default value.
    Function call: isInStateRed()
          Returns: false
NOTE: You can safely ignore the above warning unless this call should not happen.  Do not suppress it by blindly adding an EXPECT_CALL() if you don't mean to enforce the call.  See https://github.com/google/googletest/blob/master/docs/gmock_cook_book.md#knowing-when-to-expect for details.
Device_X_COMCAST_COM_Xcalibur_Client_xconfCheckNow: Error opening file for read
Inside Mock Function filePresentCheck
postFlash : Upgraded file = firmware.bin
Download is complete. Rebooting the box now...
Trigger RebootPendingNotification in background

GMOCK WARNING:
Uninteresting mock function call - returning directly.
    Function call: unsetStateRed()
NOTE: You can safely ignore the above warning unless this call should not happen.  Do not suppress it by blindly adding an EXPECT_CALL() if you don't mean to enforce the call.  See https://github.com/google/googletest/blob/master/docs/gmock_cook_book.md#knowing-when-to-expect for details.
sleep for 2 sec to send reboot pending notification
Inside Mock Function v_secure_system

GMOCK WARNING:
Uninteresting mock function call - returning default value.
    Function call: v_secure_system(0x60913da27940 pointing to "sh /rebootNow.sh -s '%s' -o '%s'", NULL, NULL)
          Returns: NULL
NOTE: You can safely ignore the above warning unless this call should not happen.  Do not suppress it by blindly adding an EXPECT_CALL() if you don't mean to enforce the call.  See https://github.com/google/googletest/blob/master/docs/gmock_cook_book.md#knowing-when-to-expect for details.
Inside Mock Function filePresentCheck
Inside Mock Function filePresentCheck
Inside Mock Function filePresentCheck
flashImage: Flashing completed. Deleting headerfile File:/tmp/firmware.bin.header
[       OK ] MainHelperFunctionTest.flashImageTestMaintFalse (7022 ms)
[ RUN      ] MainHelperFunctionTest.getXconfResTest
{"firmwareDownloadProtocol":"http","firmwareFilename":"HS_VBN_24_sprint_20240725233056sdy_NG-signed.bin","firmwareLocation":"https://cdlserver.tv/Images","firmwareVersion":"HS_VBN_24_sprint_20240725233056sdy_NG","rebootImmediately":false}
[       OK ] MainHelperFunctionTest.getXconfResTest (6 ms)
[ RUN      ] MainHelperFunctionTest.getXconfResTestNull
{"firmwareDownloadProtocol":"http","firmwareFilename":"HS_VBN_24_sprint_20240725233056sdy_NG-signed.bin","firmwareLocation":"https://cdlserver.tv/Images","firmwareVersion":"HS_VBN_24_sprint_20240725233056sdy_NG","rebootImmediately":false}
getXconfRespData: input parameter is NULL
[       OK ] MainHelperFunctionTest.getXconfResTestNull (0 ms)
[ RUN      ] MainHelperFunctionTest.getXconfResTestNull1
ParseJsonStr Error: No JSON string to parse
[       OK ] MainHelperFunctionTest.getXconfResTestNull1 (0 ms)
[ RUN      ] MainHelperFunctionTest.ProcessResTest
{"firmwareDownloadProtocol":"http","firmwareFilename":"HS_VBN_24_sprint_20240725233056sdy_NG-signed.bin","additionalFwVerInfo":"HS_VBN_PDRI_20240725233056sdy_NG","firmwareLocation":"https://cdlserver.tv/Images","firmwareVersion":"HS_VBN_24_sprint_20240725233056sdy_NG","rebootImmediately":false}
cloudFWFile: HS_VBN_24_sprint_20240725233056sdy_NG-signed.bin
cloudFWLocation: https://cdlserver.tv/Images
ipv6cloudFWLocation: 
cloudFWVersion: HS_VBN_24_sprint_20240725233056sdy_NG
cloudDelayDownload: 
cloudProto: http
cloudImmediateRebootFlag: false
peripheralFirmwares: 
dlCertBundle: 
cloudPDRIVersion: HS_VBN_PDRI_20240725233056sdy_NG
rdmCatalogueVersion: 
Validate PDRI image with device model number
last_dwnl_status=0
current_img_status=0
myFWVersion = 1234.bin
myFWFile = 
lastDnldFile = 
cloudFWVersion = HS_VBN_24_sprint_20240725233056sdy_NG
cloudFWFile = HS_VBN_24_sprint_20240725233056sdy_NG-signed.bin
[       OK ] MainHelperFunctionTest.ProcessResTest (2 ms)
[ RUN      ] MainHelperFunctionTest.ProcessResTestMaintFalse
{"firmwareDownloadProtocol":"http","firmwareFilename":"HS_VBN_24_sprint_20240725233056sdy_NG-signed.bin","additionalFwVerInfo":"HS_VBN_PDRI_20240725233056sdy_NG","firmwareLocation":"https://cdlserver.tv/Images","firmwareVersion":"HS_VBN_24_sprint_20240725233056sdy_NG","rebootImmediately":false}
cloudFWFile: HS_VBN_24_sprint_20240725233056sdy_NG-signed.bin
cloudFWLocation: https://cdlserver.tv/Images
ipv6cloudFWLocation: 
cloudFWVersion: HS_VBN_24_sprint_20240725233056sdy_NG
cloudDelayDownload: 
cloudProto: http
cloudImmediateRebootFlag: false
peripheralFirmwares: 
dlCertBundle: 
cloudPDRIVersion: HS_VBN_PDRI_20240725233056sdy_NG
rdmCatalogueVersion: 
Validate PDRI image with device model number
last_dwnl_status=0
current_img_status=0
myFWVersion = 1234.bin
myFWFile = 
lastDnldFile = 
cloudFWVersion = HS_VBN_24_sprint_20240725233056sdy_NG
cloudFWFile = HS_VBN_24_sprint_20240725233056sdy_NG-signed.bin
[       OK ] MainHelperFunctionTest.ProcessResTestMaintFalse (0 ms)
[ RUN      ] MainHelperFunctionTest.ProcessResTestNull
processJsonResponse ERROR: One or more input parameters are NULL
[       OK ] MainHelperFunctionTest.ProcessResTestNull (0 ms)
[ RUN      ] MainHelperFunctionTest.initialValidationTestSuccess

GMOCK WARNING:
Uninteresting mock function call - returning default value.
    Function call: GetBuildType(0x7fff03c8f260 pointing to "\xE0\x96\xF0\x97%r", 64)
          Returns: 0
NOTE: You can safely ignore the above warning unless this call should not happen.  Do not suppress it by blindly adding an EXPECT_CALL() if you don't mean to enforce the call.  See https://github.com/google/googletest/blob/master/docs/gmock_cook_book.md#knowing-when-to-expect for details.
Inside Mock Function read_RFCProperty
getRFCSettings() rfc AutoExcluded= default.com
Inside Mock Function filePresentCheck

GMOCK WARNING:
Uninteresting mock function call - returning directly.
    Function call: eventManager(0x60913da1ad0e pointing to "MaintenanceMGR", 0x60913da1a145 pointing to "8")
NOTE: You can safely ignore the above warning unless this call should not happen.  Do not suppress it by blindly adding an EXPECT_CALL() if you don't mean to enforce the call.  See https://github.com/google/googletest/blob/master/docs/gmock_cook_book.md#knowing-when-to-expect for details.
[       OK ] MainHelperFunctionTest.initialValidationTestSuccess (1 ms)
[ RUN      ] MainHelperFunctionTest.initialValidationTestFail

GMOCK WARNING:
Uninteresting mock function call - returning default value.
    Function call: GetBuildType(0x7fff03c8f260 pointing to "\xE0\x96\xF0\x97%r", 64)
          Returns: 0
NOTE: You can safely ignore the above warning unless this call should not happen.  Do not suppress it by blindly adding an EXPECT_CALL() if you don't mean to enforce the call.  See https://github.com/google/googletest/blob/master/docs/gmock_cook_book.md#knowing-when-to-expect for details.
Inside Mock Function read_RFCProperty
read_RFCProperty() return failed Status -1
Inside Mock Function filePresentCheck
current pid=26026
:26026

GMOCK WARNING:
Uninteresting mock function call - returning default value.
    Function call: GetFirmwareVersion(0x7fff03c8f140 pointing to "", 64)
          Returns: 0
NOTE: You can safely ignore the above warning unless this call should not happen.  Do not suppress it by blindly adding an EXPECT_CALL() if you don't mean to enforce the call.  See https://github.com/google/googletest/blob/master/docs/gmock_cook_book.md#knowing-when-to-expect for details.
Inside Mock Function filePresentCheck
cdl_flashed_file_name file not found !!!
Updating currently_running_image_name:-signed.bin
:with version.txt ...
[       OK ] MainHelperFunctionTest.initialValidationTestFail (3 ms)
[ RUN      ] MainHelperFunctionTest.initialValidationTestFail1

GMOCK WARNING:
Uninteresting mock function call - returning default value.
    Function call: GetBuildType(0x7fff03c8f240 pointing to "\xE0\x96\xF0\x97%r", 64)
          Returns: 0
NOTE: You can safely ignore the above warning unless this call should not happen.  Do not suppress it by blindly adding an EXPECT_CALL() if you don't mean to enforce the call.  See https://github.com/google/googletest/blob/master/docs/gmock_cook_book.md#knowing-when-to-expect for details.
Inside Mock Function read_RFCProperty
read_RFCProperty() return failed Status -1
Inside Mock Function filePresentCheck
current pid=26026
:26026

GMOCK WARNING:
Uninteresting mock function call - returning default value.
    Function call: GetFirmwareVersion(0x7fff03c8f120 pointing to "", 64)
          Returns: 0
NOTE: You can safely ignore the above warning unless this call should not happen.  Do not suppress it by blindly adding an EXPECT_CALL() if you don't mean to enforce the call.  See https://github.com/google/googletest/blob/master/docs/gmock_cook_book.md#knowing-when-to-expect for details.
Inside Mock Function filePresentCheck

GMOCK WARNING:
Uninteresting mock function call - returning default value.
    Function call: lastDwnlImg(0x7fff03c8f160 pointing to "\xAA" "e", 64)
          Returns: false
NOTE: You can safely ignore the above warning unless this call should not happen.  Do not suppress it by blindly adding an EXPECT_CALL() if you don't mean to enforce the call.  See https://github.com/google/googletest/blob/master/docs/gmock_cook_book.md#knowing-when-to-expect for details.
[       OK ] MainHelperFunctionTest.initialValidationTestFail1 (9 ms)
[ RUN      ] MainHelperFunctionTest.initialValidationTestInprogress

GMOCK WARNING:
Uninteresting mock function call - returning default value.
    Function call: GetBuildType(0x7fff03c8f260 pointing to "\xE0\x96\xF0\x97%r", 64)
          Returns: 0
NOTE: You can safely ignore the above warning unless this call should not happen.  Do not suppress it by blindly adding an EXPECT_CALL() if you don't mean to enforce the call.  See https://github.com/google/googletest/blob/master/docs/gmock_cook_book.md#knowing-when-to-expect for details.
Inside Mock Function read_RFCProperty
getRFCSettings() rfc AutoExcluded= default.com
initialValidation(): Alreday one Instance is running
[       OK ] MainHelperFunctionTest.initialValidationTestInprogress (0 ms)
[ RUN      ] MainHelperFunctionTest.copyFileTestFail
Received Function parameter NULL
[       OK ] MainHelperFunctionTest.copyFileTestFail (0 ms)
[ RUN      ] MainHelperFunctionTest.copyFileTestSuccess
[       OK ] MainHelperFunctionTest.copyFileTestSuccess (9 ms)
[----------] 77 tests from MainHelperFunctionTest (655254 ms total)

[----------] 4 tests from DwnlErrorTest
[ RUN      ] DwnlErrorTest.HandlesCurlCode0
dwnlError : CDL is suspended due to Curl 0 Error

GMOCK WARNING:
Uninteresting mock function call - returning default value.
    Function call: t2_event_d(0x60913da2564f pointing to "CDLsuspended_split", 0)
          Returns: 0
NOTE: You can safely ignore the above warning unless this call should not happen.  Do not suppress it by blindly adding an EXPECT_CALL() if you don't mean to enforce the call.  See https://github.com/google/googletest/blob/master/docs/gmock_cook_book.md#knowing-when-to-expect for details.
dwnlError : Calling checkAndEnterStateRed() with code:0
[       OK ] DwnlErrorTest.HandlesCurlCode0 (0 ms)
[ RUN      ] DwnlErrorTest.HandlesCurlCode22

GMOCK WARNING:
Uninteresting mock function call - returning default value.
    Function call: t2_event_d(0x7fff03c8f7d0 pointing to "swdl_failed", 1)
          Returns: 0
NOTE: You can safely ignore the above warning unless this call should not happen.  Do not suppress it by blindly adding an EXPECT_CALL() if you don't mean to enforce the call.  See https://github.com/google/googletest/blob/master/docs/gmock_cook_book.md#knowing-when-to-expect for details.
dwnlError : Failed to download image from normal SSR code download server with ret:22, httpcode:200

GMOCK WARNING:
Uninteresting mock function call - returning default value.
    Function call: t2_event_d(0x60913da25662 pointing to "SYST_ERR_cdl_ssr", 1)
          Returns: 0
NOTE: You can safely ignore the above warning unless this call should not happen.  Do not suppress it by blindly adding an EXPECT_CALL() if you don't mean to enforce the call.  See https://github.com/google/googletest/blob/master/docs/gmock_cook_book.md#knowing-when-to-expect for details.
dwnlError : Calling checkAndEnterStateRed() with code:22
[       OK ] DwnlErrorTest.HandlesCurlCode22 (1 ms)
[ RUN      ] DwnlErrorTest.HandlesCurlCode18

GMOCK WARNING:
Uninteresting mock function call - returning default value.
    Function call: t2_event_d(0x7fff03c8f7d0 pointing to "swdl_failed_18", 1)
          Returns: 0
NOTE: You can safely ignore the above warning unless this call should not happen.  Do not suppress it by blindly adding an EXPECT_CALL() if you don't mean to enforce the call.  See https://github.com/google/googletest/blob/master/docs/gmock_cook_book.md#knowing-when-to-expect for details.
dwnlError : Failed to download image from normal SSR code download server with ret:18, httpcode:0

GMOCK WARNING:
Uninteresting mock function call - returning default value.
    Function call: t2_event_d(0x60913da25662 pointing to "SYST_ERR_cdl_ssr", 1)
          Returns: 0
NOTE: You can safely ignore the above warning unless this call should not happen.  Do not suppress it by blindly adding an EXPECT_CALL() if you don't mean to enforce the call.  See https://github.com/google/googletest/blob/master/docs/gmock_cook_book.md#knowing-when-to-expect for details.
dwnlError : Calling checkAndEnterStateRed() with code:18
[       OK ] DwnlErrorTest.HandlesCurlCode18 (2 ms)
[ RUN      ] DwnlErrorTest.HandlesCurlCode91
dwnlError : CDL is suspended due to Curl 91 Error

GMOCK WARNING:
Uninteresting mock function call - returning default value.
    Function call: t2_event_d(0x60913da2564f pointing to "CDLsuspended_split", 91)
          Returns: 0
NOTE: You can safely ignore the above warning unless this call should not happen.  Do not suppress it by blindly adding an EXPECT_CALL() if you don't mean to enforce the call.  See https://github.com/google/googletest/blob/master/docs/gmock_cook_book.md#knowing-when-to-expect for details.
ERROR: ../src/rdkv_upgrade.c:73:HTTPS --tlsv1.2 failed to connect to Direct server with curl error code 91
dwnlError : Failed to download image from normal SSR code download server with ret:91, httpcode:200

GMOCK WARNING:
Uninteresting mock function call - returning default value.
    Function call: t2_event_d(0x60913da25662 pointing to "SYST_ERR_cdl_ssr", 1)
          Returns: 0
NOTE: You can safely ignore the above warning unless this call should not happen.  Do not suppress it by blindly adding an EXPECT_CALL() if you don't mean to enforce the call.  See https://github.com/google/googletest/blob/master/docs/gmock_cook_book.md#knowing-when-to-expect for details.
dwnlError : Calling checkAndEnterStateRed() with code:91
[       OK ] DwnlErrorTest.HandlesCurlCode91 (1 ms)
[----------] 4 tests from DwnlErrorTest (7 ms total)

[----------] 2 tests from startFactoryProtectServiceTest
[ RUN      ] startFactoryProtectServiceTest.ReturnsZeroWhenSuccessful
Inside Mock Function v_secure_popen

GMOCK WARNING:
Uninteresting mock function call - returning default value.
    Function call: v_secure_popen(0x60913da2a2b6 pointing to "r", NULL, NULL)
          Returns: NULL
NOTE: You can safely ignore the above warning unless this call should not happen.  Do not suppress it by blindly adding an EXPECT_CALL() if you don't mean to enforce the call.  See https://github.com/google/googletest/blob/master/docs/gmock_cook_book.md#knowing-when-to-expect for details.
RunCommand: Failed to open pipe command execution
token jsondata=
token after parse=
startFactoryProtectService: url=http://127.0.0.1:9998/Service/Controller/Activate/org.rdk.FactoryProtect.1
startFactoryProtectService: header=Content-Type: application/json
startFactoryProtectService: token_header=Authorization: Bearer 
Inside Mock Function doCurlInit
startFactoryProtectService: curl ret code=0 and http code = 200
Inside Mock Function doStopDownload
[       OK ] startFactoryProtectServiceTest.ReturnsZeroWhenSuccessful (0 ms)
[ RUN      ] startFactoryProtectServiceTest.ReturnsminusoneWhenError
Inside Mock Function v_secure_popen

GMOCK WARNING:
Uninteresting mock function call - returning default value.
    Function call: v_secure_popen(0x60913da2a2b6 pointing to "r", NULL, NULL)
          Returns: NULL
NOTE: You can safely ignore the above warning unless this call should not happen.  Do not suppress it by blindly adding an EXPECT_CALL() if you don't mean to enforce the call.  See https://github.com/google/googletest/blob/master/docs/gmock_cook_book.md#knowing-when-to-expect for details.
RunCommand: Failed to open pipe command execution
token jsondata=
token after parse=
startFactoryProtectService: url=http://127.0.0.1:9998/Service/Controller/Activate/org.rdk.FactoryProtect.1
startFactoryProtectService: header=Content-Type: application/json
startFactoryProtectService: token_header=Authorization: Bearer 
Inside Mock Function doCurlInit
startFactoryProtectService: doCurlInit fail
[       OK ] startFactoryProtectServiceTest.ReturnsminusoneWhenError (0 ms)
[----------] 2 tests from startFactoryProtectServiceTest (2 ms total)

[----------] 2 tests from PeripheralFirmwareDndlTest
[ RUN      ] PeripheralFirmwareDndlTest.HandlesValidInput
peripheral_firmware_dndl: pPeripheralFirmwares = firmware1,firmware2
GetJson: Unable to open /tmp/rc-proxy-params.json for reading
peripheral_firmware_dndl: GetRemoteVers found cCurVerBuf = 
peripheral_firmware_dndl: pFW = firmware1
peripheral_firmware_dndl: pDeviceName = firmware1
peripheral_firmware_dndl: pDeviceType = (null)
peripheral_firmware_dndl: pDeviceVer = (null)
peripheral_firmware_dndl: firmware filename with path = /firmware1.tgz
Inside Mock Function filePresentCheck

GMOCK WARNING:
Uninteresting mock function call - returning default value.
    Function call: filePresentCheck(0x7fff03c8ff90 pointing to "/firmware1.tgz")
          Returns: 0
NOTE: You can safely ignore the above warning unless this call should not happen.  Do not suppress it by blindly adding an EXPECT_CALL() if you don't mean to enforce the call.  See https://github.com/google/googletest/blob/master/docs/gmock_cook_book.md#knowing-when-to-expect for details.
peripheral_firmware_dndl: Requesting upgrade to /firmware1.tgz from http://example.com/firmware1.tgz
[UPGRADE_REQ] Enter rdkv_upgrade_request: context=0x7fff03c8feb0, curl=0x60913db19948, pHttp_code=0x7fff03c8fe94
[UPGRADE_REQ] context values: upgrade_type=3, server_type=0, artifactLocationUrl='http://example.com/firmware1.tgz', dwlloc=0x7fff03c8ff90
[UPGRADE_REQ] context (continued): pPostFields=(nil), immed_reboot_flag='', delay_dwnl=0, lastrun=''
[UPGRADE_REQ] context (continued): disableStatsUpdate=0x60913db199c4, device_info=0x60913db1a220, force_exit=0x60913db19940, trigger_type=0, rfc_list=0x60913db199e0
[UPGRADE_REQ] device_info: dev_name='', model='', maint_status='true'
[UPGRADE_REQ] rfc_list: rfc_throttle='', rfc_topspeed=''
Delayed Trigger Image Upgrade ..!
Trying to download /firmware1.tgz
Inside Mock Function getDevicePropertyData

GMOCK WARNING:
Uninteresting mock function call - returning default value.
    Function call: getDevicePropertyData(0x60913da25899 pointing to "CPU_ARCH", 0x7fff03c8fcd8 pointing to "X86", 8)
          Returns: 0
NOTE: You can safely ignore the above warning unless this call should not happen.  Do not suppress it by blindly adding an EXPECT_CALL() if you don't mean to enforce the call.  See https://github.com/google/googletest/blob/master/docs/gmock_cook_book.md#knowing-when-to-expect for details.
cpu_arch = X86
retryDownload: servertype=0, url=http://example.com/firmware1.tgz, loc=/firmware1.tgz, httpcode=0, total retry=2, delay=60
retryDownload : Direct Image upgrade return: retry=1 ret:0 http_code:0
retryDownload : Direct Image upgrade return: retry=2 ret:0 http_code:0
rdkv_upgrade_request : Direct Image upgrade Failed: http_code:0, attempting codebig
fallBack: calling downloadFile
fallBack : Direct image upgrade failover request failed return=0, httpcode=0
fallBack : fall back Direct Download. curl return code=0 and http=0
Inside Mock Function filePresentCheck

GMOCK WARNING:
Uninteresting mock function call - returning default value.
    Function call: filePresentCheck(0x60913da196a0 pointing to "/tmp/device_initiated_rcdl_in_progress")
          Returns: 0
NOTE: You can safely ignore the above warning unless this call should not happen.  Do not suppress it by blindly adding an EXPECT_CALL() if you don't mean to enforce the call.  See https://github.com/google/googletest/blob/master/docs/gmock_cook_book.md#knowing-when-to-expect for details.
peripheral_firmware_dndl: Peripheral download failed with curl return = 0, http_code = 0
peripheral_firmware_dndl: pFW = firmware2
peripheral_firmware_dndl: pDeviceName = firmware2
peripheral_firmware_dndl: pDeviceType = (null)
peripheral_firmware_dndl: pDeviceVer = (null)
peripheral_firmware_dndl: firmware filename with path = /firmware2.tgz
Inside Mock Function filePresentCheck

GMOCK WARNING:
Uninteresting mock function call - returning default value.
    Function call: filePresentCheck(0x7fff03c8ff90 pointing to "/firmware2.tgz")
          Returns: 0
NOTE: You can safely ignore the above warning unless this call should not happen.  Do not suppress it by blindly adding an EXPECT_CALL() if you don't mean to enforce the call.  See https://github.com/google/googletest/blob/master/docs/gmock_cook_book.md#knowing-when-to-expect for details.
peripheral_firmware_dndl: Requesting upgrade to /firmware2.tgz from http://example.com/firmware2.tgz
[UPGRADE_REQ] Enter rdkv_upgrade_request: context=0x7fff03c8feb0, curl=0x60913db19948, pHttp_code=0x7fff03c8fe94
[UPGRADE_REQ] context values: upgrade_type=3, server_type=0, artifactLocationUrl='http://example.com/firmware2.tgz', dwlloc=0x7fff03c8ff90
[UPGRADE_REQ] context (continued): pPostFields=(nil), immed_reboot_flag='', delay_dwnl=0, lastrun=''
[UPGRADE_REQ] context (continued): disableStatsUpdate=0x60913db199c4, device_info=0x60913db1a220, force_exit=0x60913db19940, trigger_type=0, rfc_list=0x60913db199e0
[UPGRADE_REQ] device_info: dev_name='', model='', maint_status='true'
[UPGRADE_REQ] rfc_list: rfc_throttle='', rfc_topspeed=''
Delayed Trigger Image Upgrade ..!
Trying to download /firmware2.tgz
Inside Mock Function getDevicePropertyData

GMOCK WARNING:
Uninteresting mock function call - returning default value.
    Function call: getDevicePropertyData(0x60913da25899 pointing to "CPU_ARCH", 0x7fff03c8fcd8 pointing to "X86", 8)
          Returns: 0
NOTE: You can safely ignore the above warning unless this call should not happen.  Do not suppress it by blindly adding an EXPECT_CALL() if you don't mean to enforce the call.  See https://github.com/google/googletest/blob/master/docs/gmock_cook_book.md#knowing-when-to-expect for details.
cpu_arch = X86
retryDownload: servertype=0, url=http://example.com/firmware2.tgz, loc=/firmware2.tgz, httpcode=0, total retry=2, delay=60
retryDownload : Direct Image upgrade return: retry=1 ret:0 http_code:0
retryDownload : Direct Image upgrade return: retry=2 ret:0 http_code:0
rdkv_upgrade_request : Direct Image upgrade Failed: http_code:0, attempting codebig
fallBack: calling downloadFile
fallBack : Direct image upgrade failover request failed return=0, httpcode=0
fallBack : fall back Direct Download. curl return code=0 and http=0
Inside Mock Function filePresentCheck

GMOCK WARNING:
Uninteresting mock function call - returning default value.
    Function call: filePresentCheck(0x60913da196a0 pointing to "/tmp/device_initiated_rcdl_in_progress")
          Returns: 0
NOTE: You can safely ignore the above warning unless this call should not happen.  Do not suppress it by blindly adding an EXPECT_CALL() if you don't mean to enforce the call.  See https://github.com/google/googletest/blob/master/docs/gmock_cook_book.md#knowing-when-to-expect for details.
peripheral_firmware_dndl: Peripheral download failed with curl return = 0, http_code = 0
[       OK ] PeripheralFirmwareDndlTest.HandlesValidInput (240011 ms)
[ RUN      ] PeripheralFirmwareDndlTest.HandlesValidInput404
peripheral_firmware_dndl: pPeripheralFirmwares = firmware1,firmware2
GetJson: Unable to open /tmp/rc-proxy-params.json for reading
peripheral_firmware_dndl: GetRemoteVers found cCurVerBuf = 
peripheral_firmware_dndl: pFW = firmware1
peripheral_firmware_dndl: pDeviceName = firmware1
peripheral_firmware_dndl: pDeviceType = (null)
peripheral_firmware_dndl: pDeviceVer = (null)
peripheral_firmware_dndl: firmware filename with path = /firmware1.tgz
Inside Mock Function filePresentCheck

GMOCK WARNING:
Uninteresting mock function call - returning default value.
    Function call: filePresentCheck(0x7fff03c90430 pointing to "/firmware1.tgz")
          Returns: 0
NOTE: You can safely ignore the above warning unless this call should not happen.  Do not suppress it by blindly adding an EXPECT_CALL() if you don't mean to enforce the call.  See https://github.com/google/googletest/blob/master/docs/gmock_cook_book.md#knowing-when-to-expect for details.
peripheral_firmware_dndl: Requesting upgrade to /firmware1.tgz from http://example.com/firmware1.tgz
[UPGRADE_REQ] Enter rdkv_upgrade_request: context=0x7fff03c90350, curl=0x60913db19948, pHttp_code=0x7fff03c90334
[UPGRADE_REQ] context values: upgrade_type=3, server_type=0, artifactLocationUrl='http://example.com/firmware1.tgz', dwlloc=0x7fff03c90430
[UPGRADE_REQ] context (continued): pPostFields=(nil), immed_reboot_flag='', delay_dwnl=0, lastrun=''
[UPGRADE_REQ] context (continued): disableStatsUpdate=0x60913db199c4, device_info=0x60913db1a220, force_exit=0x60913db19940, trigger_type=0, rfc_list=0x60913db199e0
[UPGRADE_REQ] device_info: dev_name='', model='', maint_status='true'
[UPGRADE_REQ] rfc_list: rfc_throttle='', rfc_topspeed=''
Delayed Trigger Image Upgrade ..!
Trying to download /firmware1.tgz
Inside Mock Function getDevicePropertyData

GMOCK WARNING:
Uninteresting mock function call - returning default value.
[...]
[UPGRADE_REQ] device_info: dev_name='', model='', maint_status='true'
[UPGRADE_REQ] rfc_list: rfc_throttle='', rfc_topspeed=''

GMOCK WARNING:
Uninteresting mock function call - returning default value.
    Function call: isDwnlBlock(0)
          Returns: 0
NOTE: You can safely ignore the above warning unless this call should not happen.  Do not suppress it by blindly adding an EXPECT_CALL() if you don't mean to enforce the call.  See https://github.com/google/googletest/blob/master/docs/gmock_cook_book.md#knowing-when-to-expect for details.

GMOCK WARNING:
Uninteresting mock function call - returning default value.
    Function call: createFile(0x60913da196a0 pointing to "/tmp/device_initiated_rcdl_in_progress")
          Returns: 0
NOTE: You can safely ignore the above warning unless this call should not happen.  Do not suppress it by blindly adding an EXPECT_CALL() if you don't mean to enforce the call.  See https://github.com/google/googletest/blob/master/docs/gmock_cook_book.md#knowing-when-to-expect for details.

GMOCK WARNING:
Uninteresting mock function call - returning default value.
    Function call: isMmgbleNotifyEnabled()
          Returns: false
NOTE: You can safely ignore the above warning unless this call should not happen.  Do not suppress it by blindly adding an EXPECT_CALL() if you don't mean to enforce the call.  See https://github.com/google/googletest/blob/master/docs/gmock_cook_book.md#knowing-when-to-expect for details.

GMOCK WARNING:
Uninteresting mock function call - returning default value.
    Function call: isDelayFWDownloadActive(0, 0x60913db1a2c4 pointing to "true", 1)
          Returns: false
NOTE: You can safely ignore the above warning unless this call should not happen.  Do not suppress it by blindly adding an EXPECT_CALL() if you don't mean to enforce the call.  See https://github.com/google/googletest/blob/master/docs/gmock_cook_book.md#knowing-when-to-expect for details.
Delayed Trigger Image Upgrade ..!

GMOCK WARNING:
Uninteresting mock function call - returning directly.
    Function call: logMilestone(0x60913da257db pointing to "FWDNLD_STARTED")
NOTE: You can safely ignore the above warning unless this call should not happen.  Do not suppress it by blindly adding an EXPECT_CALL() if you don't mean to enforce the call.  See https://github.com/google/googletest/blob/master/docs/gmock_cook_book.md#knowing-when-to-expect for details.
Triggering the Image Download ...

GMOCK WARNING:
Uninteresting mock function call - returning default value.
    Function call: t2_event_d(0x60913da257ea pointing to "SYS_INFO_swdltriggered", 1)
          Returns: 0
NOTE: You can safely ignore the above warning unless this call should not happen.  Do not suppress it by blindly adding an EXPECT_CALL() if you don't mean to enforce the call.  See https://github.com/google/googletest/blob/master/docs/gmock_cook_book.md#knowing-when-to-expect for details.
PCI Download in Progress for /testModel.bin

GMOCK WARNING:
Uninteresting mock function call - returning directly.
    Function call: eventManager(0x60913da25685 pointing to "ImageDwldEvent", 0x60913da1ae94 pointing to "0")
NOTE: You can safely ignore the above warning unless this call should not happen.  Do not suppress it by blindly adding an EXPECT_CALL() if you don't mean to enforce the call.  See https://github.com/google/googletest/blob/master/docs/gmock_cook_book.md#knowing-when-to-expect for details.

GMOCK WARNING:
Uninteresting mock function call - returning default value.
    Function call: isMediaClientDevice()
          Returns: false
NOTE: You can safely ignore the above warning unless this call should not happen.  Do not suppress it by blindly adding an EXPECT_CALL() if you don't mean to enforce the call.  See https://github.com/google/googletest/blob/master/docs/gmock_cook_book.md#knowing-when-to-expect for details.

GMOCK WARNING:
Uninteresting mock function call - returning directly.
    Function call: eventManager(0x60913da1ad1d pointing to "FirmwareStateEvent", 0x60913da25637 pointing to "2")
NOTE: You can safely ignore the above warning unless this call should not happen.  Do not suppress it by blindly adding an EXPECT_CALL() if you don't mean to enforce the call.  See https://github.com/google/googletest/blob/master/docs/gmock_cook_book.md#knowing-when-to-expect for details.

GMOCK WARNING:
Uninteresting mock function call - returning directly.
    Function call: eventManager(0x60913da25685 pointing to "ImageDwldEvent", 0x60913da2ad54 pointing to "1")
NOTE: You can safely ignore the above warning unless this call should not happen.  Do not suppress it by blindly adding an EXPECT_CALL() if you don't mean to enforce the call.  See https://github.com/google/googletest/blob/master/docs/gmock_cook_book.md#knowing-when-to-expect for details.
Inside Mock Function getDevicePropertyData
cpu_arch = X86
retryDownload: servertype=0, url=/testModel.bin, loc=/testModel.bin, httpcode=0, total retry=2, delay=60
retryDownload : Direct Image upgrade return: retry=1 ret:0 http_code:0
retryDownload : Direct Image upgrade return: retry=2 ret:0 http_code:0
rdkv_upgrade_request : Direct Image upgrade Failed: http_code:0, attempting codebig
fallBack: calling downloadFile
fallBack : Direct image upgrade failover request failed return=0, httpcode=0
fallBack : fall back Direct Download. curl return code=0 and http=0

GMOCK WARNING:
Uninteresting mock function call - returning directly.
    Function call: eventManager(0x60913da1ad1d pointing to "FirmwareStateEvent", 0x60913da1a0a3 pointing to "3")
NOTE: You can safely ignore the above warning unless this call should not happen.  Do not suppress it by blindly adding an EXPECT_CALL() if you don't mean to enforce the call.  See https://github.com/google/googletest/blob/master/docs/gmock_cook_book.md#knowing-when-to-expect for details.

GMOCK WARNING:
Uninteresting mock function call - returning directly.
    Function call: eventManager(0x60913da25685 pointing to "ImageDwldEvent", 0x60913da1a0a3 pointing to "3")
NOTE: You can safely ignore the above warning unless this call should not happen.  Do not suppress it by blindly adding an EXPECT_CALL() if you don't mean to enforce the call.  See https://github.com/google/googletest/blob/master/docs/gmock_cook_book.md#knowing-when-to-expect for details.
doCDL failed

GMOCK WARNING:
Uninteresting mock function call - returning default value.
    Function call: t2_event_d(0x60913da25952 pointing to "SYST_ERR_CDLFail", 1)
          Returns: 0
NOTE: You can safely ignore the above warning unless this call should not happen.  Do not suppress it by blindly adding an EXPECT_CALL() if you don't mean to enforce the call.  See https://github.com/google/googletest/blob/master/docs/gmock_cook_book.md#knowing-when-to-expect for details.

GMOCK WARNING:
Uninteresting mock function call - returning directly.
    Function call: logMilestone(0x60913da25963 pointing to "FWDNLD_FAILED")
NOTE: You can safely ignore the above warning unless this call should not happen.  Do not suppress it by blindly adding an EXPECT_CALL() if you don't mean to enforce the call.  See https://github.com/google/googletest/blob/master/docs/gmock_cook_book.md#knowing-when-to-expect for details.
Inside Mock Function filePresentCheck

GMOCK WARNING:
Uninteresting mock function call - returning default value.
    Function call: filePresentCheck(0x60913da196a0 pointing to "/tmp/device_initiated_rcdl_in_progress")
          Returns: 0
NOTE: You can safely ignore the above warning unless this call should not happen.  Do not suppress it by blindly adding an EXPECT_CALL() if you don't mean to enforce the call.  See https://github.com/google/googletest/blob/master/docs/gmock_cook_book.md#knowing-when-to-expect for details.
cloudImmediateRebootFlag is true, PCI Upgrade is required. Skipping PDRI upgrade check ... 
[       OK ] checkTriggerUpgradeTest.TestValidPciUpgradeSuccess (120012 ms)
[ RUN      ] checkTriggerUpgradeTest.TestPdriUpgradeSuccess

GMOCK WARNING:
Uninteresting mock function call - returning default value.
    Function call: isUpgradeInProgress()
          Returns: false
NOTE: You can safely ignore the above warning unless this call should not happen.  Do not suppress it by blindly adding an EXPECT_CALL() if you don't mean to enforce the call.  See https://github.com/google/googletest/blob/master/docs/gmock_cook_book.md#knowing-when-to-expect for details.
checkTriggerUpgrade: reboot_flag =fals and delay_dwnl=0
checkForValidPCIUpgrade return true
imageHTTPURL=/testModel.bin
DWNL path with img name=/testModel.bin

GMOCK WARNING:
Uninteresting mock function call - returning default value.
    Function call: eraseFolderExcePramaFile(0x60913db1a264 pointing to "", 0x7fff03c90320 pointing to "testModel.bin", 0x60913db1a304 pointing to "")
          Returns: 0
NOTE: You can safely ignore the above warning unless this call should not happen.  Do not suppress it by blindly adding an EXPECT_CALL() if you don't mean to enforce the call.  See https://github.com/google/googletest/blob/master/docs/gmock_cook_book.md#knowing-when-to-expect for details.
[UPGRADE_REQ] Enter rdkv_upgrade_request: context=0x7fff03c8e7a0, curl=0x60913db19948, pHttp_code=0x7fff03c8e79c
[UPGRADE_REQ] context values: upgrade_type=0, server_type=0, artifactLocationUrl='/testModel.bin', dwlloc=0x7fff03c8e810
[UPGRADE_REQ] context (continued): pPostFields=(nil), immed_reboot_flag='fals', delay_dwnl=0, lastrun=''
[UPGRADE_REQ] context (continued): disableStatsUpdate=0x60913db199c4, device_info=0x60913db1a220, force_exit=0x60913db19940, trigger_type=0, rfc_list=0x60913db199e0
[UPGRADE_REQ] device_info: dev_name='', model='', maint_status='true'
[UPGRADE_REQ] rfc_list: rfc_throttle='', rfc_topspeed=''

GMOCK WARNING:
Uninteresting mock function call - returning default value.
    Function call: isDwnlBlock(0)
          Returns: 0
NOTE: You can safely ignore the above warning unless this call should not happen.  Do not suppress it by blindly adding an EXPECT_CALL() if you don't mean to enforce the call.  See https://github.com/google/googletest/blob/master/docs/gmock_cook_book.md#knowing-when-to-expect for details.

GMOCK WARNING:
Uninteresting mock function call - returning default value.
    Function call: createFile(0x60913da196a0 pointing to "/tmp/device_initiated_rcdl_in_progress")
          Returns: 0
NOTE: You can safely ignore the above warning unless this call should not happen.  Do not suppress it by blindly adding an EXPECT_CALL() if you don't mean to enforce the call.  See https://github.com/google/googletest/blob/master/docs/gmock_cook_book.md#knowing-when-to-expect for details.

GMOCK WARNING:
Uninteresting mock function call - returning default value.
    Function call: isMmgbleNotifyEnabled()
          Returns: false
NOTE: You can safely ignore the above warning unless this call should not happen.  Do not suppress it by blindly adding an EXPECT_CALL() if you don't mean to enforce the call.  See https://github.com/google/googletest/blob/master/docs/gmock_cook_book.md#knowing-when-to-expect for details.

GMOCK WARNING:
Uninteresting mock function call - returning default value.
    Function call: isDelayFWDownloadActive(0, 0x60913db1a2c4 pointing to "true", 1)
          Returns: false
NOTE: You can safely ignore the above warning unless this call should not happen.  Do not suppress it by blindly adding an EXPECT_CALL() if you don't mean to enforce the call.  See https://github.com/google/googletest/blob/master/docs/gmock_cook_book.md#knowing-when-to-expect for details.
Delayed Trigger Image Upgrade ..!

GMOCK WARNING:
Uninteresting mock function call - returning directly.
    Function call: logMilestone(0x60913da257db pointing to "FWDNLD_STARTED")
NOTE: You can safely ignore the above warning unless this call should not happen.  Do not suppress it by blindly adding an EXPECT_CALL() if you don't mean to enforce the call.  See https://github.com/google/googletest/blob/master/docs/gmock_cook_book.md#knowing-when-to-expect for details.
Triggering the Image Download ...

GMOCK WARNING:
Uninteresting mock function call - returning default value.
    Function call: t2_event_d(0x60913da257ea pointing to "SYS_INFO_swdltriggered", 1)
          Returns: 0
NOTE: You can safely ignore the above warning unless this call should not happen.  Do not suppress it by blindly adding an EXPECT_CALL() if you don't mean to enforce the call.  See https://github.com/google/googletest/blob/master/docs/gmock_cook_book.md#knowing-when-to-expect for details.
PCI Download in Progress for /testModel.bin

GMOCK WARNING:
Uninteresting mock function call - returning directly.
    Function call: eventManager(0x60913da25685 pointing to "ImageDwldEvent", 0x60913da1ae94 pointing to "0")
NOTE: You can safely ignore the above warning unless this call should not happen.  Do not suppress it by blindly adding an EXPECT_CALL() if you don't mean to enforce the call.  See https://github.com/google/googletest/blob/master/docs/gmock_cook_book.md#knowing-when-to-expect for details.

GMOCK WARNING:
Uninteresting mock function call - returning default value.
    Function call: isMediaClientDevice()
          Returns: false
NOTE: You can safely ignore the above warning unless this call should not happen.  Do not suppress it by blindly adding an EXPECT_CALL() if you don't mean to enforce the call.  See https://github.com/google/googletest/blob/master/docs/gmock_cook_book.md#knowing-when-to-expect for details.

GMOCK WARNING:
Uninteresting mock function call - returning directly.
    Function call: eventManager(0x60913da1ad1d pointing to "FirmwareStateEvent", 0x60913da25637 pointing to "2")
NOTE: You can safely ignore the above warning unless this call should not happen.  Do not suppress it by blindly adding an EXPECT_CALL() if you don't mean to enforce the call.  See https://github.com/google/googletest/blob/master/docs/gmock_cook_book.md#knowing-when-to-expect for details.

GMOCK WARNING:
Uninteresting mock function call - returning directly.
    Function call: eventManager(0x60913da25685 pointing to "ImageDwldEvent", 0x60913da2ad54 pointing to "1")
NOTE: You can safely ignore the above warning unless this call should not happen.  Do not suppress it by blindly adding an EXPECT_CALL() if you don't mean to enforce the call.  See https://github.com/google/googletest/blob/master/docs/gmock_cook_book.md#knowing-when-to-expect for details.
Inside Mock Function getDevicePropertyData
cpu_arch = X86
retryDownload: servertype=0, url=/testModel.bin, loc=/testModel.bin, httpcode=0, total retry=2, delay=60
retryDownload : Direct Image upgrade return: retry=1 ret:0 http_code:0
retryDownload : Direct Image upgrade return: retry=2 ret:0 http_code:0
rdkv_upgrade_request : Direct Image upgrade Failed: http_code:0, attempting codebig
fallBack: calling downloadFile
fallBack : Direct image upgrade failover request failed return=0, httpcode=0
fallBack : fall back Direct Download. curl return code=0 and http=0

GMOCK WARNING:
Uninteresting mock function call - returning directly.
    Function call: eventManager(0x60913da1ad1d pointing to "FirmwareStateEvent", 0x60913da1a0a3 pointing to "3")
NOTE: You can safely ignore the above warning unless this call should not happen.  Do not suppress it by blindly adding an EXPECT_CALL() if you don't mean to enforce the call.  See https://github.com/google/googletest/blob/master/docs/gmock_cook_book.md#knowing-when-to-expect for details.

GMOCK WARNING:
Uninteresting mock function call - returning directly.
    Function call: eventManager(0x60913da25685 pointing to "ImageDwldEvent", 0x60913da1a0a3 pointing to "3")
NOTE: You can safely ignore the above warning unless this call should not happen.  Do not suppress it by blindly adding an EXPECT_CALL() if you don't mean to enforce the call.  See https://github.com/google/googletest/blob/master/docs/gmock_cook_book.md#knowing-when-to-expect for details.
doCDL failed

GMOCK WARNING:
Uninteresting mock function call - returning default value.
    Function call: t2_event_d(0x60913da25952 pointing to "SYST_ERR_CDLFail", 1)
          Returns: 0
NOTE: You can safely ignore the above warning unless this call should not happen.  Do not suppress it by blindly adding an EXPECT_CALL() if you don't mean to enforce the call.  See https://github.com/google/googletest/blob/master/docs/gmock_cook_book.md#knowing-when-to-expect for details.

GMOCK WARNING:
Uninteresting mock function call - returning directly.
    Function call: logMilestone(0x60913da25963 pointing to "FWDNLD_FAILED")
NOTE: You can safely ignore the above warning unless this call should not happen.  Do not suppress it by blindly adding an EXPECT_CALL() if you don't mean to enforce the call.  See https://github.com/google/googletest/blob/master/docs/gmock_cook_book.md#knowing-when-to-expect for details.
Inside Mock Function filePresentCheck

GMOCK WARNING:
Uninteresting mock function call - returning default value.
    Function call: filePresentCheck(0x60913da196a0 pointing to "/tmp/device_initiated_rcdl_in_progress")
          Returns: 0
NOTE: You can safely ignore the above warning unless this call should not happen.  Do not suppress it by blindly adding an EXPECT_CALL() if you don't mean to enforce the call.  See https://github.com/google/googletest/blob/master/docs/gmock_cook_book.md#knowing-when-to-expect for details.
cloudImmediateRebootFlag is fals. Starting PDRI upgrade check ... 
pdri imageHTTPURL=/testModel_PDRI_.bin
pdri DWNL path with img name=/testModel_PDRI_.bin
Adding a sleep of 30secs to avoid the PCI PDRI race condition during flashing
[UPGRADE_REQ] Enter rdkv_upgrade_request: context=0x7fff03c8e7a0, curl=0x60913db19948, pHttp_code=0x7fff03c8e79c
[UPGRADE_REQ] context values: upgrade_type=1, server_type=0, artifactLocationUrl='/testModel_PDRI_.bin', dwlloc=0x7fff03c8e810
[UPGRADE_REQ] context (continued): pPostFields=(nil), immed_reboot_flag='fals', delay_dwnl=0, lastrun=''
[UPGRADE_REQ] context (continued): disableStatsUpdate=0x60913db199c4, device_info=0x60913db1a220, force_exit=0x60913db19940, trigger_type=0, rfc_list=0x60913db199e0
[UPGRADE_REQ] device_info: dev_name='', model='', maint_status='true'
[UPGRADE_REQ] rfc_list: rfc_throttle='', rfc_topspeed=''

GMOCK WARNING:
Uninteresting mock function call - returning default value.
    Function call: isDwnlBlock(0)
          Returns: 0
NOTE: You can safely ignore the above warning unless this call should not happen.  Do not suppress it by blindly adding an EXPECT_CALL() if you don't mean to enforce the call.  See https://github.com/google/googletest/blob/master/docs/gmock_cook_book.md#knowing-when-to-expect for details.

GMOCK WARNING:
Uninteresting mock function call - returning default value.
    Function call: checkPDRIUpgrade(0x7fff03c8e810 pointing to "/testModel_PDRI_.bin")
          Returns: false
NOTE: You can safely ignore the above warning unless this call should not happen.  Do not suppress it by blindly adding an EXPECT_CALL() if you don't mean to enforce the call.  See https://github.com/google/googletest/blob/master/docs/gmock_cook_book.md#knowing-when-to-expect for details.
Inside Mock Function filePresentCheck

GMOCK WARNING:
Uninteresting mock function call - returning default value.
    Function call: filePresentCheck(0x60913da247fd pointing to "/etc/os-release")
          Returns: 0
NOTE: You can safely ignore the above warning unless this call should not happen.  Do not suppress it by blindly adding an EXPECT_CALL() if you don't mean to enforce the call.  See https://github.com/google/googletest/blob/master/docs/gmock_cook_book.md#knowing-when-to-expect for details.
Skipping Peripheral Download
[       OK ] checkTriggerUpgradeTest.TestPdriUpgradeSuccess (150033 ms)
[----------] 5 tests from checkTriggerUpgradeTest (270052 ms total)

[----------] Global test environment tear-down
[==========] 93 tests from 6 test suites ran. (1405371 ms total)
[  PASSED  ] 93 tests.
